#
# There is insufficient memory for the Java Runtime Environment to continue.
# Native memory allocation (malloc) failed to allocate 1855536 bytes for Chunk::new
# Possible reasons:
#   The system is out of physical RAM or swap space
#   The process is running with CompressedOops enabled, and the Java Heap may be blocking the growth of the native heap
# Possible solutions:
#   Reduce memory load on the system
#   Increase physical memory or swap space
#   Check if swap backing store is full
#   Decrease Java heap size (-Xmx/-Xms)
#   Decrease number of Java threads
#   Decrease Java thread stack sizes (-Xss)
#   Set larger code cache with -XX:ReservedCodeCacheSize=
#   JVM is running with Unscaled Compressed Oops mode in which the Java heap is
#     placed in the first 4GB address space. The Java Heap base address is the
#     maximum limit for the native heap growth. Please use -XX:HeapBaseMinAddress
#     to set the Java Heap base and to place the Java Heap above 4GB virtual address.
# This output file may be truncated or incomplete.
#
#  Out of Memory Error (arena.cpp:189), pid=17668, tid=34752
#
# JRE version: OpenJDK Runtime Environment Temurin-17.0.4+8 (17.0.4+8) (build 17.0.4+8)
# Java VM: OpenJDK 64-Bit Server VM Temurin-17.0.4+8 (17.0.4+8, mixed mode, tiered, compressed oops, compressed class ptrs, g1 gc, windows-amd64)
# No core dump will be written. Minidumps are not enabled by default on client versions of Windows
#

---------------  S U M M A R Y ------------

Command Line: -ea -Dfile.encoding=UTF-8 -Dstdout.encoding=UTF-8 -Dstderr.encoding=UTF-8 -XX:+ShowCodeDetailsInExceptionMessages org.testng.remote.RemoteTestNG -serport 65135 -protocol json -d C:\Users\offic\eclipse-workspace\HDFC_Banking_Application\test-output C:\Users\offic\AppData\Local\Temp\testng-eclipse-284364915\testng-customsuite.xml

Host: AMD Ryzen 5 5500U with Radeon Graphics         , 12 cores, 5G,  Windows 11 , 64 bit Build 22621 (10.0.22621.3672)
Time: Sun Jun 16 11:36:18 2024 India Standard Time elapsed time: 8.015031 seconds (0d 0h 0m 8s)

---------------  T H R E A D  ---------------

Current thread (0x00000246f2c4d8e0):  JavaThread "C2 CompilerThread0" daemon [_thread_in_native, id=34752, stack(0x0000004e47700000,0x0000004e47800000)]


Current CompileTask:
C2:   8015 2287       4       java.lang.invoke.MethodType::makeImpl (109 bytes)

Stack: [0x0000004e47700000,0x0000004e47800000]
Native frames: (J=compiled Java code, j=interpreted, Vv=VM code, C=native code)
V  [jvm.dll+0x67733a]
V  [jvm.dll+0x8323c4]
V  [jvm.dll+0x833b6e]
V  [jvm.dll+0x8341d3]
V  [jvm.dll+0x2455e5]
V  [jvm.dll+0xabd7b]
V  [jvm.dll+0xac30c]
V  [jvm.dll+0x363a22]
V  [jvm.dll+0x32de81]
V  [jvm.dll+0x32d32a]
V  [jvm.dll+0x2184d1]
V  [jvm.dll+0x2178f1]
V  [jvm.dll+0x1a3f8d]
V  [jvm.dll+0x227308]
V  [jvm.dll+0x225455]
V  [jvm.dll+0x7e7eeb]
V  [jvm.dll+0x7e245a]
V  [jvm.dll+0x6761c5]
C  [ucrtbase.dll+0x29333]
C  [KERNEL32.DLL+0x1257d]
C  [ntdll.dll+0x5aa48]


---------------  P R O C E S S  ---------------

Threads class SMR info:
_java_thread_list=0x00000246f58c6ba0, length=26, elements={
0x00000246d925ef40, 0x00000246f22c4c00, 0x00000246f22a7af0, 0x00000246f2c3f290,
0x00000246f2c40b60, 0x00000246f2c41710, 0x00000246f2c44bf0, 0x00000246f2c4d8e0,
0x00000246f2c52bf0, 0x00000246f2c56d00, 0x00000246f2eeb380, 0x00000246f2f0d670,
0x00000246f4393b20, 0x00000246f3f5d440, 0x00000246f57800a0, 0x00000246f424b170,
0x00000246f5878470, 0x00000246f478a100, 0x00000246f473f190, 0x00000246f46b54a0,
0x00000246f46b67e0, 0x00000246f46b84c0, 0x00000246f46b5970, 0x00000246f46b8990,
0x00000246f46b5e40, 0x00000246f5959450
}

Java Threads: ( => current thread )
  0x00000246d925ef40 JavaThread "main" [_thread_in_Java, id=29620, stack(0x0000004e46a00000,0x0000004e46b00000)]
  0x00000246f22c4c00 JavaThread "Reference Handler" daemon [_thread_blocked, id=31860, stack(0x0000004e47100000,0x0000004e47200000)]
  0x00000246f22a7af0 JavaThread "Finalizer" daemon [_thread_blocked, id=34528, stack(0x0000004e47200000,0x0000004e47300000)]
  0x00000246f2c3f290 JavaThread "Signal Dispatcher" daemon [_thread_blocked, id=35692, stack(0x0000004e47300000,0x0000004e47400000)]
  0x00000246f2c40b60 JavaThread "Attach Listener" daemon [_thread_blocked, id=28564, stack(0x0000004e47400000,0x0000004e47500000)]
  0x00000246f2c41710 JavaThread "Service Thread" daemon [_thread_blocked, id=26404, stack(0x0000004e47500000,0x0000004e47600000)]
  0x00000246f2c44bf0 JavaThread "Monitor Deflation Thread" daemon [_thread_blocked, id=1716, stack(0x0000004e47600000,0x0000004e47700000)]
=>0x00000246f2c4d8e0 JavaThread "C2 CompilerThread0" daemon [_thread_in_native, id=34752, stack(0x0000004e47700000,0x0000004e47800000)]
  0x00000246f2c52bf0 JavaThread "C1 CompilerThread0" daemon [_thread_blocked, id=33208, stack(0x0000004e47800000,0x0000004e47900000)]
  0x00000246f2c56d00 JavaThread "Sweeper thread" daemon [_thread_blocked, id=9480, stack(0x0000004e47900000,0x0000004e47a00000)]
  0x00000246f2eeb380 JavaThread "Notification Thread" daemon [_thread_blocked, id=15504, stack(0x0000004e47a00000,0x0000004e47b00000)]
  0x00000246f2f0d670 JavaThread "Common-Cleaner" daemon [_thread_blocked, id=15556, stack(0x0000004e47c00000,0x0000004e47d00000)]
  0x00000246f4393b20 JavaThread "ReaderThread" [_thread_in_native, id=34644, stack(0x0000004e47f00000,0x0000004e48000000)]
  0x00000246f3f5d440 JavaThread "ForkJoinPool.commonPool-worker-1" daemon [_thread_blocked, id=2684, stack(0x0000004e48300000,0x0000004e48400000)]
  0x00000246f57800a0 JavaThread "ForkJoinPool.commonPool-worker-2" daemon [_thread_blocked, id=33900, stack(0x0000004e48400000,0x0000004e48500000)]
  0x00000246f424b170 JavaThread "AsyncHttpClient-1-1" daemon [_thread_blocked, id=33168, stack(0x0000004e48800000,0x0000004e48900000)]
  0x00000246f5878470 JavaThread "Exec Default Executor" daemon [_thread_in_native, id=18892, stack(0x0000004e48d00000,0x0000004e48e00000)]
  0x00000246f478a100 JavaThread "Driver Service Executor" daemon [_thread_blocked, id=23380, stack(0x0000004e48e00000,0x0000004e48f00000)]
  0x00000246f473f190 JavaThread "Driver Service Executor" daemon [_thread_blocked, id=18328, stack(0x0000004e48f00000,0x0000004e49000000)]
  0x00000246f46b54a0 JavaThread "UrlChecker-2" daemon [_thread_blocked, id=29924, stack(0x0000004e49000000,0x0000004e49100000)]
  0x00000246f46b67e0 JavaThread "Exec Stream Pumper" daemon [_thread_in_native, id=30252, stack(0x0000004e49100000,0x0000004e49200000)]
  0x00000246f46b84c0 JavaThread "Exec Stream Pumper" daemon [_thread_in_native, id=17076, stack(0x0000004e49200000,0x0000004e49300000)]
  0x00000246f46b5970 JavaThread "Keep-Alive-Timer" daemon [_thread_blocked, id=30704, stack(0x0000004e49300000,0x0000004e49400000)]
  0x00000246f46b8990 JavaThread "AsyncHttpClient-1-2" daemon [_thread_in_native, id=11064, stack(0x0000004e49400000,0x0000004e49500000)]
  0x00000246f46b5e40 JavaThread "AsyncHttpClient-1-3" daemon [_thread_in_native, id=35384, stack(0x0000004e49500000,0x0000004e49600000)]
  0x00000246f5959450 JavaThread "C2 CompilerThread1" daemon [_thread_in_native, id=34800, stack(0x0000004e49600000,0x0000004e49700000)]

Other Threads:
  0x00000246f22a3bb0 VMThread "VM Thread" [stack: 0x0000004e47000000,0x0000004e47100000] [id=1144]
  0x00000246f2eee080 WatcherThread [stack: 0x0000004e47b00000,0x0000004e47c00000] [id=7808]
  0x00000246d92aca60 GCTaskThread "GC Thread#0" [stack: 0x0000004e46b00000,0x0000004e46c00000] [id=25952]
  0x00000246f3be5d10 GCTaskThread "GC Thread#1" [stack: 0x0000004e48000000,0x0000004e48100000] [id=35008]
  0x00000246f3f34f10 GCTaskThread "GC Thread#2" [stack: 0x0000004e48100000,0x0000004e48200000] [id=348]
  0x00000246f3f351c0 GCTaskThread "GC Thread#3" [stack: 0x0000004e48200000,0x0000004e48300000] [id=14468]
  0x00000246f431aac0 GCTaskThread "GC Thread#4" [stack: 0x0000004e47d00000,0x0000004e47e00000] [id=24216]
  0x00000246f47cec80 GCTaskThread "GC Thread#5" [stack: 0x0000004e48500000,0x0000004e48600000] [id=2696]
  0x00000246f46b8f90 GCTaskThread "GC Thread#6" [stack: 0x0000004e48600000,0x0000004e48700000] [id=35220]
  0x00000246f5b81bf0 GCTaskThread "GC Thread#7" [stack: 0x0000004e48700000,0x0000004e48800000] [id=32996]
  0x00000246f584d280 GCTaskThread "GC Thread#8" [stack: 0x0000004e48900000,0x0000004e48a00000] [id=22404]
  0x00000246f584d530 GCTaskThread "GC Thread#9" [stack: 0x0000004e48a00000,0x0000004e48b00000] [id=19332]
  0x00000246d92b9d00 ConcurrentGCThread "G1 Main Marker" [stack: 0x0000004e46c00000,0x0000004e46d00000] [id=21860]
  0x00000246d92ba710 ConcurrentGCThread "G1 Conc#0" [stack: 0x0000004e46d00000,0x0000004e46e00000] [id=22064]
  0x00000246f5846010 ConcurrentGCThread "G1 Conc#1" [stack: 0x0000004e48b00000,0x0000004e48c00000] [id=29504]
  0x00000246f58462c0 ConcurrentGCThread "G1 Conc#2" [stack: 0x0000004e48c00000,0x0000004e48d00000] [id=3272]
  0x00000246f211a5a0 ConcurrentGCThread "G1 Refine#0" [stack: 0x0000004e46e00000,0x0000004e46f00000] [id=33196]
  0x00000246f211add0 ConcurrentGCThread "G1 Service" [stack: 0x0000004e46f00000,0x0000004e47000000] [id=33104]

Threads with active compile tasks:
C2 CompilerThread0     8051 2287       4       java.lang.invoke.MethodType::makeImpl (109 bytes)
C1 CompilerThread0     8051 2458       3       java.util.regex.Pattern$StartS::match (138 bytes)
C2 CompilerThread1     8052 2437       4       java.util.regex.Pattern$CharProperty::match (71 bytes)

VM state: not at safepoint (normal execution)

VM Mutex/Monitor currently owned by a thread: None

OutOfMemory and StackOverflow Exception counts:
OutOfMemoryError java_heap_errors=1
LinkageErrors=55

Heap address: 0x00000000a2200000, size: 1502 MB, Compressed Oops mode: 32-bit

CDS archive(s) not mapped
Compressed class space mapped at: 0x0000000100000000-0x0000000140000000, reserved size: 1073741824
Narrow klass base: 0x0000000000000000, Narrow klass shift: 3, Narrow klass range: 0x140000000

GC Precious Log:
 CPUs: 12 total, 12 available
 Memory: 6005M
 Large Page Support: Disabled
 NUMA Support: Disabled
 Compressed Oops: Enabled (32-bit)
 Heap Region Size: 1M
 Heap Min Capacity: 8M
 Heap Initial Capacity: 94M
 Heap Max Capacity: 1502M
 Pre-touch: Disabled
 Parallel Workers: 10
 Concurrent Workers: 3
 Concurrent Refinement Workers: 10
 Periodic GC: Disabled

Heap:
 garbage-first heap   total 58368K, used 34498K [0x00000000a2200000, 0x0000000100000000)
  region size 1024K, 18 young (18432K), 5 survivors (5120K)
 Metaspace       used 30863K, committed 31104K, reserved 1081344K
  class space    used 3550K, committed 3648K, reserved 1048576K

Heap Regions: E=young(eden), S=young(survivor), O=old, HS=humongous(starts), HC=humongous(continues), CS=collection set, F=free, OA=open archive, CA=closed archive, TAMS=top-at-mark-start (previous, next)
|   0|0x00000000a2200000, 0x00000000a2300000, 0x00000000a2300000|100%|HS|  |TAMS 0x00000000a2300000, 0x00000000a2200000| Complete 
|   1|0x00000000a2300000, 0x00000000a2400000, 0x00000000a2400000|100%| O|  |TAMS 0x00000000a2400000, 0x00000000a2300000| Untracked 
|   2|0x00000000a2400000, 0x00000000a2500000, 0x00000000a2500000|100%| O|  |TAMS 0x00000000a2500000, 0x00000000a2400000| Untracked 
|   3|0x00000000a2500000, 0x00000000a2600000, 0x00000000a2600000|100%| O|  |TAMS 0x00000000a2600000, 0x00000000a2500000| Untracked 
|   4|0x00000000a2600000, 0x00000000a2700000, 0x00000000a2700000|100%| O|  |TAMS 0x00000000a2700000, 0x00000000a2600000| Untracked 
|   5|0x00000000a2700000, 0x00000000a2800000, 0x00000000a2800000|100%| O|  |TAMS 0x00000000a2800000, 0x00000000a2700000| Untracked 
|   6|0x00000000a2800000, 0x00000000a2900000, 0x00000000a2900000|100%| O|  |TAMS 0x00000000a2900000, 0x00000000a2800000| Untracked 
|   7|0x00000000a2900000, 0x00000000a2a00000, 0x00000000a2a00000|100%| O|  |TAMS 0x00000000a2a00000, 0x00000000a2900000| Untracked 
|   8|0x00000000a2a00000, 0x00000000a2b00000, 0x00000000a2b00000|100%| O|  |TAMS 0x00000000a2b00000, 0x00000000a2a00000| Untracked 
|   9|0x00000000a2b00000, 0x00000000a2c00000, 0x00000000a2c00000|100%| O|  |TAMS 0x00000000a2c00000, 0x00000000a2b00000| Untracked 
|  10|0x00000000a2c00000, 0x00000000a2d00000, 0x00000000a2d00000|100%| O|  |TAMS 0x00000000a2d00000, 0x00000000a2c00000| Untracked 
|  11|0x00000000a2d00000, 0x00000000a2d48600, 0x00000000a2e00000| 28%| O|  |TAMS 0x00000000a2d48600, 0x00000000a2d00000| Untracked 
|  12|0x00000000a2e00000, 0x00000000a2f00000, 0x00000000a2f00000|100%| O|  |TAMS 0x00000000a2e00000, 0x00000000a2e00000| Untracked 
|  13|0x00000000a2f00000, 0x00000000a2f45e00, 0x00000000a3000000| 27%| O|  |TAMS 0x00000000a2f00000, 0x00000000a2f00000| Untracked 
|  14|0x00000000a3000000, 0x00000000a3100000, 0x00000000a3100000|100%|HS|  |TAMS 0x00000000a3000000, 0x00000000a3000000| Complete 
|  15|0x00000000a3100000, 0x00000000a3200000, 0x00000000a3200000|100%|HC|  |TAMS 0x00000000a3100000, 0x00000000a3100000| Complete 
|  16|0x00000000a3200000, 0x00000000a3300000, 0x00000000a3300000|100%|HC|  |TAMS 0x00000000a3200000, 0x00000000a3200000| Complete 
|  17|0x00000000a3300000, 0x00000000a3400000, 0x00000000a3400000|100%|HC|  |TAMS 0x00000000a3300000, 0x00000000a3300000| Complete 
|  18|0x00000000a3400000, 0x00000000a3500000, 0x00000000a3500000|100%|HC|  |TAMS 0x00000000a3400000, 0x00000000a3400000| Complete 
|  19|0x00000000a3500000, 0x00000000a3500000, 0x00000000a3600000|  0%| F|  |TAMS 0x00000000a3500000, 0x00000000a3500000| Untracked 
|  20|0x00000000a3600000, 0x00000000a3600000, 0x00000000a3700000|  0%| F|  |TAMS 0x00000000a3600000, 0x00000000a3600000| Untracked 
|  21|0x00000000a3700000, 0x00000000a3700000, 0x00000000a3800000|  0%| F|  |TAMS 0x00000000a3700000, 0x00000000a3700000| Untracked 
|  22|0x00000000a3800000, 0x00000000a3800000, 0x00000000a3900000|  0%| F|  |TAMS 0x00000000a3800000, 0x00000000a3800000| Untracked 
|  23|0x00000000a3900000, 0x00000000a3900000, 0x00000000a3a00000|  0%| F|  |TAMS 0x00000000a3900000, 0x00000000a3900000| Untracked 
|  24|0x00000000a3a00000, 0x00000000a3a22600, 0x00000000a3b00000| 13%| S|CS|TAMS 0x00000000a3a00000, 0x00000000a3a00000| Complete 
|  25|0x00000000a3b00000, 0x00000000a3c00000, 0x00000000a3c00000|100%| S|CS|TAMS 0x00000000a3b00000, 0x00000000a3b00000| Complete 
|  26|0x00000000a3c00000, 0x00000000a3d00000, 0x00000000a3d00000|100%| S|CS|TAMS 0x00000000a3c00000, 0x00000000a3c00000| Complete 
|  27|0x00000000a3d00000, 0x00000000a3e00000, 0x00000000a3e00000|100%| S|CS|TAMS 0x00000000a3d00000, 0x00000000a3d00000| Complete 
|  28|0x00000000a3e00000, 0x00000000a3f00000, 0x00000000a3f00000|100%| S|CS|TAMS 0x00000000a3e00000, 0x00000000a3e00000| Complete 
|  29|0x00000000a3f00000, 0x00000000a3f00000, 0x00000000a4000000|  0%| F|  |TAMS 0x00000000a3f00000, 0x00000000a3f00000| Untracked 
|  30|0x00000000a4000000, 0x00000000a4000000, 0x00000000a4100000|  0%| F|  |TAMS 0x00000000a4000000, 0x00000000a4000000| Untracked 
|  31|0x00000000a4100000, 0x00000000a4100000, 0x00000000a4200000|  0%| F|  |TAMS 0x00000000a4100000, 0x00000000a4100000| Untracked 
|  32|0x00000000a4200000, 0x00000000a4200000, 0x00000000a4300000|  0%| F|  |TAMS 0x00000000a4200000, 0x00000000a4200000| Untracked 
|  33|0x00000000a4300000, 0x00000000a4300000, 0x00000000a4400000|  0%| F|  |TAMS 0x00000000a4300000, 0x00000000a4300000| Untracked 
|  34|0x00000000a4400000, 0x00000000a4400000, 0x00000000a4500000|  0%| F|  |TAMS 0x00000000a4400000, 0x00000000a4400000| Untracked 
|  35|0x00000000a4500000, 0x00000000a4500000, 0x00000000a4600000|  0%| F|  |TAMS 0x00000000a4500000, 0x00000000a4500000| Untracked 
|  36|0x00000000a4600000, 0x00000000a4600000, 0x00000000a4700000|  0%| F|  |TAMS 0x00000000a4600000, 0x00000000a4600000| Untracked 
|  37|0x00000000a4700000, 0x00000000a4700000, 0x00000000a4800000|  0%| F|  |TAMS 0x00000000a4700000, 0x00000000a4700000| Untracked 
|  38|0x00000000a4800000, 0x00000000a4800000, 0x00000000a4900000|  0%| F|  |TAMS 0x00000000a4800000, 0x00000000a4800000| Untracked 
|  39|0x00000000a4900000, 0x00000000a4900000, 0x00000000a4a00000|  0%| F|  |TAMS 0x00000000a4900000, 0x00000000a4900000| Untracked 
|  40|0x00000000a4a00000, 0x00000000a4a00000, 0x00000000a4b00000|  0%| F|  |TAMS 0x00000000a4a00000, 0x00000000a4a00000| Untracked 
|  41|0x00000000a4b00000, 0x00000000a4b00000, 0x00000000a4c00000|  0%| F|  |TAMS 0x00000000a4b00000, 0x00000000a4b00000| Untracked 
|  42|0x00000000a4c00000, 0x00000000a4c00000, 0x00000000a4d00000|  0%| F|  |TAMS 0x00000000a4c00000, 0x00000000a4c00000| Untracked 
|  43|0x00000000a4d00000, 0x00000000a4d00000, 0x00000000a4e00000|  0%| F|  |TAMS 0x00000000a4d00000, 0x00000000a4d00000| Untracked 
|  44|0x00000000a4e00000, 0x00000000a4e5a858, 0x00000000a4f00000| 35%| E|  |TAMS 0x00000000a4e00000, 0x00000000a4e00000| Complete 
|  45|0x00000000a4f00000, 0x00000000a5000000, 0x00000000a5000000|100%| E|CS|TAMS 0x00000000a4f00000, 0x00000000a4f00000| Complete 
|  46|0x00000000a5000000, 0x00000000a5100000, 0x00000000a5100000|100%| E|CS|TAMS 0x00000000a5000000, 0x00000000a5000000| Complete 
|  47|0x00000000a5100000, 0x00000000a5200000, 0x00000000a5200000|100%| E|CS|TAMS 0x00000000a5100000, 0x00000000a5100000| Complete 
|  48|0x00000000a5200000, 0x00000000a5300000, 0x00000000a5300000|100%| E|CS|TAMS 0x00000000a5200000, 0x00000000a5200000| Complete 
|  49|0x00000000a5300000, 0x00000000a5400000, 0x00000000a5400000|100%| E|CS|TAMS 0x00000000a5300000, 0x00000000a5300000| Complete 
|  50|0x00000000a5400000, 0x00000000a5500000, 0x00000000a5500000|100%| E|CS|TAMS 0x00000000a5400000, 0x00000000a5400000| Complete 
|  51|0x00000000a5500000, 0x00000000a5600000, 0x00000000a5600000|100%| E|CS|TAMS 0x00000000a5500000, 0x00000000a5500000| Complete 
|  76|0x00000000a6e00000, 0x00000000a6f00000, 0x00000000a6f00000|100%| E|CS|TAMS 0x00000000a6e00000, 0x00000000a6e00000| Complete 
|  77|0x00000000a6f00000, 0x00000000a7000000, 0x00000000a7000000|100%| E|CS|TAMS 0x00000000a6f00000, 0x00000000a6f00000| Complete 
|  78|0x00000000a7000000, 0x00000000a7100000, 0x00000000a7100000|100%| E|CS|TAMS 0x00000000a7000000, 0x00000000a7000000| Complete 
|  79|0x00000000a7100000, 0x00000000a7200000, 0x00000000a7200000|100%| E|CS|TAMS 0x00000000a7100000, 0x00000000a7100000| Complete 
|  93|0x00000000a7f00000, 0x00000000a8000000, 0x00000000a8000000|100%| E|CS|TAMS 0x00000000a7f00000, 0x00000000a7f00000| Complete 

Card table byte_map: [0x00000246ec140000,0x00000246ec430000] _byte_map_base: 0x00000246ebc2f000

Marking Bits (Prev, Next): (CMBitMap*) 0x00000246d92ad0b0, (CMBitMap*) 0x00000246d92ad070
 Prev Bits: [0x00000246edea0000, 0x00000246ef618000)
 Next Bits: [0x00000246ec720000, 0x00000246ede98000)

Polling page: 0x00000246d71d0000

Metaspace:

Usage:
  Non-class:     26.68 MB used.
      Class:      3.47 MB used.
       Both:     30.14 MB used.

Virtual space:
  Non-class space:       32.00 MB reserved,      26.81 MB ( 84%) committed,  4 nodes.
      Class space:        1.00 GB reserved,       3.56 MB ( <1%) committed,  1 nodes.
             Both:        1.03 GB reserved,      30.38 MB (  3%) committed. 

Chunk freelists:
   Non-Class:  704.00 KB
       Class:  325.00 KB
        Both:  1.00 MB

MaxMetaspaceSize: unlimited
CompressedClassSpaceSize: 1.00 GB
Initial GC threshold: 21.00 MB
Current GC threshold: 35.31 MB
CDS: off
MetaspaceReclaimPolicy: balanced
 - commit_granule_bytes: 65536.
 - commit_granule_words: 8192.
 - virtual_space_node_default_size: 1048576.
 - enlarge_chunks_in_place: 1.
 - new_chunks_are_fully_committed: 0.
 - uncommit_free_chunks: 1.
 - use_allocation_guard: 0.
 - handle_deallocations: 1.


Internal statistics:

num_allocs_failed_limit: 3.
num_arena_births: 318.
num_arena_deaths: 0.
num_vsnodes_births: 5.
num_vsnodes_deaths: 0.
num_space_committed: 486.
num_space_uncommitted: 0.
num_chunks_returned_to_freelist: 3.
num_chunks_taken_from_freelist: 959.
num_chunk_merges: 0.
num_chunk_splits: 632.
num_chunks_enlarged: 477.
num_purges: 0.
num_inconsistent_stats: 0.

CodeHeap 'non-profiled nmethods': size=120000Kb used=1083Kb max_used=1083Kb free=118916Kb
 bounds [0x00000246e43d0000, 0x00000246e4640000, 0x00000246eb900000]
CodeHeap 'profiled nmethods': size=120000Kb used=4781Kb max_used=4781Kb free=115218Kb
 bounds [0x00000246dcea0000, 0x00000246dd350000, 0x00000246e43d0000]
CodeHeap 'non-nmethods': size=5760Kb used=1281Kb max_used=1298Kb free=4478Kb
 bounds [0x00000246dc900000, 0x00000246dcb70000, 0x00000246dcea0000]
 total_blobs=3052 nmethods=2455 adapters=509
 compilation: enabled
              stopped_count=0, restarted_count=0
 full_count=0

Compilation events (20 events):
Event: 7.990 Thread 0x00000246f2c52bf0 2420       3       java.nio.HeapCharBuffer::<init> (23 bytes)
Event: 7.990 Thread 0x00000246f5959450 2407       4       java.lang.Character::valueOf (21 bytes)
Event: 7.990 Thread 0x00000246f2c52bf0 nmethod 2420 0x00000246dd338010 code [0x00000246dd3381c0, 0x00000246dd338348]
Event: 7.991 Thread 0x00000246f5959450 nmethod 2407 0x00000246e44da810 code [0x00000246e44da980, 0x00000246e44daa18]
Event: 7.991 Thread 0x00000246f5959450 2408       4       java.lang.Character::hashCode (8 bytes)
Event: 7.991 Thread 0x00000246f5959450 nmethod 2408 0x00000246e44dab10 code [0x00000246e44dac80, 0x00000246e44dacf8]
Event: 7.991 Thread 0x00000246f5959450 2398       4       java.lang.CharacterDataLatin1::getType (11 bytes)
Event: 7.992 Thread 0x00000246f5959450 nmethod 2398 0x00000246e44dae10 code [0x00000246e44daf80, 0x00000246e44db038]
Event: 7.992 Thread 0x00000246f5959450 2393       4       java.util.regex.Pattern$CharPredicate$$Lambda$215/0x00000001001ce438::is (11 bytes)
Event: 7.998 Thread 0x00000246f5959450 nmethod 2393 0x00000246e44db110 code [0x00000246e44db2e0, 0x00000246e44db7b8]
Event: 7.998 Thread 0x00000246f5959450 2395       4       java.util.regex.Pattern$$Lambda$19/0x00000001000a5130::is (13 bytes)
Event: 7.998 Thread 0x00000246f2c52bf0 2421       1       org.testng.internal.TestResult::getMethod (5 bytes)
Event: 7.998 Thread 0x00000246f2c52bf0 nmethod 2421 0x00000246e44dbd10 code [0x00000246e44dbea0, 0x00000246e44dbf78]
Event: 7.998 Thread 0x00000246f2c52bf0 2422       1       java.lang.Long::longValue (5 bytes)
Event: 7.999 Thread 0x00000246f2c52bf0 nmethod 2422 0x00000246e44dc010 code [0x00000246e44dc1a0, 0x00000246e44dc278]
Event: 7.999 Thread 0x00000246f5959450 nmethod 2395 0x00000246e44dc310 code [0x00000246e44dc480, 0x00000246e44dc518]
Event: 7.999 Thread 0x00000246f5959450 2394       4       java.util.regex.Pattern$BmpCharPredicate$$Lambda$20/0x00000001000a5760::is (15 bytes)
Event: 8.000 Thread 0x00000246f5959450 nmethod 2394 0x00000246e44dc610 code [0x00000246e44dc7a0, 0x00000246e44dc958]
Event: 8.001 Thread 0x00000246f2c52bf0 2423       3       java.io.Writer::append (10 bytes)
Event: 8.002 Thread 0x00000246f2c52bf0 nmethod 2423 0x00000246dd338410 code [0x00000246dd3385e0, 0x00000246dd338938]

GC Heap History (8 events):
Event: 1.516 GC heap before
{Heap before GC invocations=0 (full 0):
 garbage-first heap   total 96256K, used 24576K [0x00000000a2200000, 0x0000000100000000)
  region size 1024K, 23 young (23552K), 0 survivors (0K)
 Metaspace       used 10085K, committed 10304K, reserved 1064960K
  class space    used 926K, committed 1024K, reserved 1048576K
}
Event: 1.528 GC heap after
{Heap after GC invocations=1 (full 0):
 garbage-first heap   total 96256K, used 11598K [0x00000000a2200000, 0x0000000100000000)
  region size 1024K, 3 young (3072K), 3 survivors (3072K)
 Metaspace       used 10085K, committed 10304K, reserved 1064960K
  class space    used 926K, committed 1024K, reserved 1048576K
}
Event: 3.015 GC heap before
{Heap before GC invocations=1 (full 0):
 garbage-first heap   total 96256K, used 33102K [0x00000000a2200000, 0x0000000100000000)
  region size 1024K, 24 young (24576K), 3 survivors (3072K)
 Metaspace       used 16824K, committed 17088K, reserved 1064960K
  class space    used 1793K, committed 1920K, reserved 1048576K
}
Event: 3.020 GC heap after
{Heap after GC invocations=2 (full 0):
 garbage-first heap   total 96256K, used 13073K [0x00000000a2200000, 0x0000000100000000)
  region size 1024K, 2 young (2048K), 2 survivors (2048K)
 Metaspace       used 16824K, committed 17088K, reserved 1064960K
  class space    used 1793K, committed 1920K, reserved 1048576K
}
Event: 4.013 GC heap before
{Heap before GC invocations=2 (full 0):
 garbage-first heap   total 96256K, used 26385K [0x00000000a2200000, 0x0000000100000000)
  region size 1024K, 16 young (16384K), 2 survivors (2048K)
 Metaspace       used 21212K, committed 21504K, reserved 1073152K
  class space    used 2284K, committed 2432K, reserved 1048576K
}
Event: 4.017 GC heap after
{Heap after GC invocations=3 (full 0):
 garbage-first heap   total 96256K, used 15020K [0x00000000a2200000, 0x0000000100000000)
  region size 1024K, 4 young (4096K), 4 survivors (4096K)
 Metaspace       used 21212K, committed 21504K, reserved 1073152K
  class space    used 2284K, committed 2432K, reserved 1048576K
}
Event: 5.393 GC heap before
{Heap before GC invocations=4 (full 0):
 garbage-first heap   total 58368K, used 38572K [0x00000000a2200000, 0x0000000100000000)
  region size 1024K, 28 young (28672K), 4 survivors (4096K)
 Metaspace       used 28122K, committed 28416K, reserved 1081344K
  class space    used 3227K, committed 3328K, reserved 1048576K
}
Event: 5.398 GC heap after
{Heap after GC invocations=5 (full 0):
 garbage-first heap   total 58368K, used 17090K [0x00000000a2200000, 0x0000000100000000)
  region size 1024K, 5 young (5120K), 5 survivors (5120K)
 Metaspace       used 28122K, committed 28416K, reserved 1081344K
  class space    used 3227K, committed 3328K, reserved 1048576K
}

Deoptimization events (20 events):
Event: 7.896 Thread 0x00000246d925ef40 Uncommon trap: trap_request=0xffffff45 fr.pc=0x00000246e442c148 relative=0x0000000000000048
Event: 7.896 Thread 0x00000246d925ef40 Uncommon trap: reason=unstable_if action=reinterpret pc=0x00000246e442c148 method=java.lang.CharacterData.of(I)Ljava/lang/CharacterData; @ 4 c2
Event: 7.896 Thread 0x00000246d925ef40 DEOPT PACKING pc=0x00000246e442c148 sp=0x0000004e46afdc30
Event: 7.896 Thread 0x00000246d925ef40 DEOPT UNPACKING pc=0x00000246dc9523a3 sp=0x0000004e46afdbd0 mode 2
Event: 7.948 Thread 0x00000246d925ef40 DEOPT PACKING pc=0x00000246dd2da603 sp=0x0000004e46afe0f0
Event: 7.948 Thread 0x00000246d925ef40 DEOPT UNPACKING pc=0x00000246dc952b43 sp=0x0000004e46afd588 mode 0
Event: 7.959 Thread 0x00000246d925ef40 DEOPT PACKING pc=0x00000246dd2da603 sp=0x0000004e46afe020
Event: 7.959 Thread 0x00000246d925ef40 DEOPT UNPACKING pc=0x00000246dc952b43 sp=0x0000004e46afd4b8 mode 0
Event: 7.959 Thread 0x00000246d925ef40 DEOPT PACKING pc=0x00000246dd2da603 sp=0x0000004e46afe020
Event: 7.959 Thread 0x00000246d925ef40 DEOPT UNPACKING pc=0x00000246dc952b43 sp=0x0000004e46afd4b8 mode 0
Event: 7.964 Thread 0x00000246d925ef40 DEOPT PACKING pc=0x00000246dd2da603 sp=0x0000004e46afe020
Event: 7.964 Thread 0x00000246d925ef40 DEOPT UNPACKING pc=0x00000246dc952b43 sp=0x0000004e46afd4b8 mode 0
Event: 7.964 Thread 0x00000246d925ef40 DEOPT PACKING pc=0x00000246dd2da603 sp=0x0000004e46afe020
Event: 7.964 Thread 0x00000246d925ef40 DEOPT UNPACKING pc=0x00000246dc952b43 sp=0x0000004e46afd4b8 mode 0
Event: 7.969 Thread 0x00000246d925ef40 DEOPT PACKING pc=0x00000246dd2da603 sp=0x0000004e46afe020
Event: 7.969 Thread 0x00000246d925ef40 DEOPT UNPACKING pc=0x00000246dc952b43 sp=0x0000004e46afd4b8 mode 0
Event: 7.969 Thread 0x00000246d925ef40 DEOPT PACKING pc=0x00000246dd2da603 sp=0x0000004e46afe020
Event: 7.969 Thread 0x00000246d925ef40 DEOPT UNPACKING pc=0x00000246dc952b43 sp=0x0000004e46afd4b8 mode 0
Event: 7.969 Thread 0x00000246d925ef40 DEOPT PACKING pc=0x00000246dd2da603 sp=0x0000004e46afe020
Event: 7.969 Thread 0x00000246d925ef40 DEOPT UNPACKING pc=0x00000246dc952b43 sp=0x0000004e46afd4b8 mode 0

Classes unloaded (0 events):
No events

Classes redefined (0 events):
No events

Internal exceptions (20 events):
Event: 4.712 Thread 0x00000246f5878470 Exception <a 'java/lang/NoSuchMethodError'{0x00000000a4d9c950}: 'java.lang.Object java.lang.invoke.DirectMethodHandle$Holder.invokeStatic(java.lang.Object, java.lang.Object, long, java.lang.Object)'> (0x00000000a4d9c950) 
thrown [s\src\hotspot\share\interpreter\linkResolver.cpp, line 759]
Event: 4.712 Thread 0x00000246f5878470 Exception <a 'java/lang/NoSuchMethodError'{0x00000000a4da0140}: 'java.lang.Object java.lang.invoke.DirectMethodHandle$Holder.invokeStaticInit(java.lang.Object, java.lang.Object, long, java.lang.Object)'> (0x00000000a4da0140) 
thrown [s\src\hotspot\share\interpreter\linkResolver.cpp, line 759]
Event: 4.713 Thread 0x00000246f5878470 Exception <a 'java/lang/NoSuchMethodError'{0x00000000a4da61c8}: 'java.lang.Object java.lang.invoke.DirectMethodHandle$Holder.newInvokeSpecial(java.lang.Object, java.lang.Object, long)'> (0x00000000a4da61c8) 
thrown [s\src\hotspot\share\interpreter\linkResolver.cpp, line 759]
Event: 4.734 Thread 0x00000246f46b54a0 Exception <a 'java/net/ConnectException'{0x00000000a4deed38}: Connection refused: no further information> (0x00000000a4deed38) 
thrown [s\src\hotspot\share\prims\jni.cpp, line 535]
Event: 4.734 Thread 0x00000246f46b54a0 Exception <a 'java/net/SocketException'{0x00000000a4def070}: Socket is not connected: shutdown> (0x00000000a4def070) 
thrown [s\src\hotspot\share\prims\jni.cpp, line 535]
Event: 4.751 Thread 0x00000246f46b54a0 Exception <a 'java/net/ConnectException'{0x00000000a4df00d8}: Connection refused: no further information> (0x00000000a4df00d8) 
thrown [s\src\hotspot\share\prims\jni.cpp, line 535]
Event: 4.751 Thread 0x00000246f46b54a0 Exception <a 'java/net/SocketException'{0x00000000a4df0410}: Socket is not connected: shutdown> (0x00000000a4df0410) 
thrown [s\src\hotspot\share\prims\jni.cpp, line 535]
Event: 4.783 Thread 0x00000246f46b54a0 Exception <a 'java/net/ConnectException'{0x00000000a4df13a8}: Connection refused: no further information> (0x00000000a4df13a8) 
thrown [s\src\hotspot\share\prims\jni.cpp, line 535]
Event: 4.783 Thread 0x00000246f46b54a0 Exception <a 'java/net/SocketException'{0x00000000a4df16e0}: Socket is not connected: shutdown> (0x00000000a4df16e0) 
thrown [s\src\hotspot\share\prims\jni.cpp, line 535]
Event: 4.857 Thread 0x00000246d925ef40 Exception <a 'java/lang/NoSuchMethodError'{0x00000000a4c85ee8}: 'double java.lang.invoke.DirectMethodHandle$Holder.invokeVirtual(java.lang.Object, java.lang.Object)'> (0x00000000a4c85ee8) 
thrown [s\src\hotspot\share\interpreter\linkResolver.cpp, line 759]
Event: 4.859 Thread 0x00000246d925ef40 Exception <a 'java/lang/NoSuchMethodError'{0x00000000a4c8c938}: 'float java.lang.invoke.DirectMethodHandle$Holder.invokeVirtual(java.lang.Object, java.lang.Object)'> (0x00000000a4c8c938) 
thrown [s\src\hotspot\share\interpreter\linkResolver.cpp, line 759]
Event: 4.860 Thread 0x00000246d925ef40 Exception <a 'java/lang/NoSuchMethodError'{0x00000000a4c95bc0}: 'long java.lang.invoke.DirectMethodHandle$Holder.invokeVirtual(java.lang.Object, java.lang.Object)'> (0x00000000a4c95bc0) 
thrown [s\src\hotspot\share\interpreter\linkResolver.cpp, line 759]
Event: 4.908 Thread 0x00000246d925ef40 Exception <a 'java/lang/NoSuchMethodError'{0x00000000a4be6a00}: 'void java.lang.invoke.DirectMethodHandle$Holder.invokeSpecial(java.lang.Object, java.lang.Object, java.lang.Object, java.lang.Object, java.lang.Object)'> (0x00000000a4be6a00) 
thrown [s\src\hotspot\share\interpreter\linkResolver.cpp, line 759]
Event: 4.912 Thread 0x00000246d925ef40 Exception <a 'java/lang/NoSuchMethodError'{0x00000000a4bedf28}: 'void java.lang.invoke.DirectMethodHandle$Holder.invokeStatic(java.lang.Object, java.lang.Object, int)'> (0x00000000a4bedf28) 
thrown [s\src\hotspot\share\interpreter\linkResolver.cpp, line 759]
Event: 4.983 Thread 0x00000246d925ef40 Exception <a 'java/lang/NoSuchMethodError'{0x00000000a482ec28}: 'int java.lang.invoke.DirectMethodHandle$Holder.invokeSpecialIFC(java.lang.Object, java.lang.Object, java.lang.Object)'> (0x00000000a482ec28) 
thrown [s\src\hotspot\share\interpreter\linkResolver.cpp, line 759]
Event: 5.150 Thread 0x00000246d925ef40 Exception <a 'java/lang/NoSuchMethodError'{0x00000000a45f2130}: 'void java.lang.invoke.DirectMethodHandle$Holder.invokeSpecial(java.lang.Object, java.lang.Object, java.lang.Object, java.lang.Object, java.lang.Object, java.lang.Object)'> (0x00000000a45f2130) 
thrown [s\src\hotspot\share\interpreter\linkResolver.cpp, line 759]
Event: 7.576 Thread 0x00000246d925ef40 Exception <a 'java/lang/NoSuchMethodError'{0x00000000a70a2388}: 'java.lang.Object java.lang.invoke.DirectMethodHandle$Holder.invokeSpecialIFC(java.lang.Object, java.lang.Object, java.lang.Object)'> (0x00000000a70a2388) 
thrown [s\src\hotspot\share\interpreter\linkResolver.cpp, line 759]
Event: 7.702 Thread 0x00000246d925ef40 Exception <a 'java/lang/ClassNotFoundException'{0x00000000a6f89f98}: sun/util/logging/resources/spi/loggingProvider> (0x00000000a6f89f98) 
thrown [s\src\hotspot\share\classfile\systemDictionary.cpp, line 256]
Event: 7.786 Thread 0x00000246f46b5e40 Exception <a 'java/lang/OutOfMemoryError'{0x00000000a5583778}> (0x00000000a5583778) 
thrown [s\src\hotspot\share\prims\jni.cpp, line 516]
Event: 7.787 Thread 0x00000246d925ef40 Exception <a 'java/lang/reflect/InvocationTargetException'{0x00000000a554ba68}> (0x00000000a554ba68) 
thrown [s\src\hotspot\share\runtime\reflection.cpp, line 1121]

VM Operations (20 events):
Event: 4.032 Executing VM operation: G1Concurrent
Event: 4.071 Executing VM operation: G1Concurrent done
Event: 4.072 Executing VM operation: G1Concurrent
Event: 4.074 Executing VM operation: G1Concurrent done
Event: 4.833 Executing VM operation: HandshakeAllThreads
Event: 4.833 Executing VM operation: HandshakeAllThreads done
Event: 4.833 Executing VM operation: HandshakeAllThreads
Event: 4.833 Executing VM operation: HandshakeAllThreads done
Event: 4.835 Executing VM operation: HandshakeAllThreads
Event: 4.835 Executing VM operation: HandshakeAllThreads done
Event: 5.393 Executing VM operation: G1CollectForAllocation
Event: 5.398 Executing VM operation: G1CollectForAllocation done
Event: 6.403 Executing VM operation: Cleanup
Event: 6.403 Executing VM operation: Cleanup done
Event: 7.666 Executing VM operation: HandshakeAllThreads
Event: 7.666 Executing VM operation: HandshakeAllThreads done
Event: 7.666 Executing VM operation: Cleanup
Event: 7.666 Executing VM operation: Cleanup done
Event: 7.901 Executing VM operation: HandshakeAllThreads
Event: 7.902 Executing VM operation: HandshakeAllThreads done

Events (20 events):
Event: 7.915 loading class sun/util/resources/OpenListResourceBundle
Event: 7.915 loading class sun/util/resources/OpenListResourceBundle done
Event: 7.915 loading class sun/util/resources/TimeZoneNamesBundle done
Event: 7.915 loading class sun/util/resources/cldr/TimeZoneNames done
Event: 7.915 loading class sun/util/resources/cldr/TimeZoneNames_en
Event: 7.916 loading class sun/util/resources/cldr/TimeZoneNames_en done
Event: 7.917 loading class sun/util/resources/cldr/TimeZoneNames_en_US
Event: 7.917 loading class sun/util/resources/cldr/TimeZoneNames_en_US done
Event: 7.918 loading class sun/util/resources/TimeZoneNames
Event: 7.920 loading class sun/util/resources/TimeZoneNames done
Event: 7.920 loading class sun/util/resources/TimeZoneNames_en
Event: 7.920 loading class sun/util/resources/TimeZoneNames_en done
Event: 7.924 loading class java/text/StringCharacterIterator
Event: 7.924 loading class java/text/CharacterIterator
Event: 7.924 loading class java/text/CharacterIterator done
Event: 7.925 loading class java/text/StringCharacterIterator done
Event: 7.981 loading class java/util/ComparableTimSort
Event: 7.982 loading class java/util/ComparableTimSort done
Event: 8.004 loading class java/util/Vector$Itr
Event: 8.004 loading class java/util/Vector$Itr done


Dynamic libraries:
0x00007ff6cf0e0000 - 0x00007ff6cf0ee000 	C:\Users\offic\.p2\pool\plugins\org.eclipse.justj.openjdk.hotspot.jre.full.win32.x86_64_17.0.4.v20220805-1047\jre\bin\javaw.exe
0x00007ffff1310000 - 0x00007ffff1527000 	C:\WINDOWS\SYSTEM32\ntdll.dll
0x00007ffff0210000 - 0x00007ffff02d4000 	C:\WINDOWS\System32\KERNEL32.DLL
0x00007fffeeb80000 - 0x00007fffeef2c000 	C:\WINDOWS\System32\KERNELBASE.dll
0x00007fffee7a0000 - 0x00007fffee8b1000 	C:\WINDOWS\System32\ucrtbase.dll
0x00007fffeadb0000 - 0x00007fffeadc9000 	C:\Users\offic\.p2\pool\plugins\org.eclipse.justj.openjdk.hotspot.jre.full.win32.x86_64_17.0.4.v20220805-1047\jre\bin\VCRUNTIME140.dll
0x00007fffeacb0000 - 0x00007fffeacc8000 	C:\Users\offic\.p2\pool\plugins\org.eclipse.justj.openjdk.hotspot.jre.full.win32.x86_64_17.0.4.v20220805-1047\jre\bin\jli.dll
0x00007ffff0060000 - 0x00007ffff020e000 	C:\WINDOWS\System32\USER32.dll
0x00007fffee6b0000 - 0x00007fffee6d6000 	C:\WINDOWS\System32\win32u.dll
0x00007fffcfef0000 - 0x00007fffd0183000 	C:\WINDOWS\WinSxS\amd64_microsoft.windows.common-controls_6595b64144ccf1df_6.0.22621.3672_none_2713b9d173822955\COMCTL32.dll
0x00007ffff03f0000 - 0x00007ffff0419000 	C:\WINDOWS\System32\GDI32.dll
0x00007ffff0ff0000 - 0x00007ffff1097000 	C:\WINDOWS\System32\msvcrt.dll
0x00007fffee8c0000 - 0x00007fffee9d9000 	C:\WINDOWS\System32\gdi32full.dll
0x00007fffeef30000 - 0x00007fffeefca000 	C:\WINDOWS\System32\msvcp_win.dll
0x00007ffff0d20000 - 0x00007ffff0d51000 	C:\WINDOWS\System32\IMM32.DLL
0x00007fffeada0000 - 0x00007fffeadac000 	C:\Users\offic\.p2\pool\plugins\org.eclipse.justj.openjdk.hotspot.jre.full.win32.x86_64_17.0.4.v20220805-1047\jre\bin\vcruntime140_1.dll
0x00007fffc1220000 - 0x00007fffc12b1000 	C:\Users\offic\.p2\pool\plugins\org.eclipse.justj.openjdk.hotspot.jre.full.win32.x86_64_17.0.4.v20220805-1047\jre\bin\msvcp140.dll
0x00007fff7a6b0000 - 0x00007fff7b2f6000 	C:\Users\offic\.p2\pool\plugins\org.eclipse.justj.openjdk.hotspot.jre.full.win32.x86_64_17.0.4.v20220805-1047\jre\bin\server\jvm.dll
0x00007ffff09a0000 - 0x00007ffff0a52000 	C:\WINDOWS\System32\ADVAPI32.dll
0x00007ffff0d60000 - 0x00007ffff0e08000 	C:\WINDOWS\System32\sechost.dll
0x00007fffeeb50000 - 0x00007fffeeb78000 	C:\WINDOWS\System32\bcrypt.dll
0x00007ffff10a0000 - 0x00007ffff11b5000 	C:\WINDOWS\System32\RPCRT4.dll
0x00007fffef570000 - 0x00007fffef578000 	C:\WINDOWS\System32\PSAPI.DLL
0x00007fffcad70000 - 0x00007fffcad79000 	C:\WINDOWS\SYSTEM32\WSOCK32.dll
0x00007fffe6ae0000 - 0x00007fffe6b14000 	C:\WINDOWS\SYSTEM32\WINMM.dll
0x00007fffe65f0000 - 0x00007fffe65fa000 	C:\WINDOWS\SYSTEM32\VERSION.dll
0x00007ffff0e60000 - 0x00007ffff0ed1000 	C:\WINDOWS\System32\WS2_32.dll
0x00007fffed670000 - 0x00007fffed688000 	C:\WINDOWS\SYSTEM32\kernel.appcore.dll
0x00007fffeaca0000 - 0x00007fffeacaa000 	C:\Users\offic\.p2\pool\plugins\org.eclipse.justj.openjdk.hotspot.jre.full.win32.x86_64_17.0.4.v20220805-1047\jre\bin\jimage.dll
0x00007fffec1f0000 - 0x00007fffec422000 	C:\WINDOWS\SYSTEM32\DBGHELP.DLL
0x00007fffef1c0000 - 0x00007fffef548000 	C:\WINDOWS\System32\combase.dll
0x00007ffff0a80000 - 0x00007ffff0b57000 	C:\WINDOWS\System32\OLEAUT32.dll
0x00007fffdaf80000 - 0x00007fffdafb2000 	C:\WINDOWS\SYSTEM32\dbgcore.DLL
0x00007fffeefd0000 - 0x00007fffef04b000 	C:\WINDOWS\System32\bcryptPrimitives.dll
0x00007fffe95d0000 - 0x00007fffe95f5000 	C:\Users\offic\.p2\pool\plugins\org.eclipse.justj.openjdk.hotspot.jre.full.win32.x86_64_17.0.4.v20220805-1047\jre\bin\java.dll
0x00007fffeac80000 - 0x00007fffeac98000 	C:\Users\offic\.p2\pool\plugins\org.eclipse.justj.openjdk.hotspot.jre.full.win32.x86_64_17.0.4.v20220805-1047\jre\bin\zip.dll
0x00007fffef580000 - 0x00007fffefddc000 	C:\WINDOWS\System32\SHELL32.dll
0x00007fffec590000 - 0x00007fffece87000 	C:\WINDOWS\SYSTEM32\windows.storage.dll
0x00007fffec450000 - 0x00007fffec58f000 	C:\WINDOWS\SYSTEM32\wintypes.dll
0x00007ffff0ef0000 - 0x00007ffff0fe4000 	C:\WINDOWS\System32\SHCORE.dll
0x00007fffefde0000 - 0x00007fffefe3e000 	C:\WINDOWS\System32\shlwapi.dll
0x00007fffee570000 - 0x00007fffee591000 	C:\WINDOWS\SYSTEM32\profapi.dll
0x00007fffd4c50000 - 0x00007fffd4c69000 	C:\Users\offic\.p2\pool\plugins\org.eclipse.justj.openjdk.hotspot.jre.full.win32.x86_64_17.0.4.v20220805-1047\jre\bin\net.dll
0x00007fffe76f0000 - 0x00007fffe7826000 	C:\WINDOWS\SYSTEM32\WINHTTP.dll
0x00007fffedae0000 - 0x00007fffedb49000 	C:\WINDOWS\system32\mswsock.dll
0x00007fffcf700000 - 0x00007fffcf715000 	C:\Users\offic\.p2\pool\plugins\org.eclipse.justj.openjdk.hotspot.jre.full.win32.x86_64_17.0.4.v20220805-1047\jre\bin\nio.dll
0x00007fffed160000 - 0x00007fffed258000 	C:\WINDOWS\SYSTEM32\DNSAPI.dll
0x00007fffed130000 - 0x00007fffed15d000 	C:\WINDOWS\SYSTEM32\IPHLPAPI.DLL
0x00007ffff0d10000 - 0x00007ffff0d19000 	C:\WINDOWS\System32\NSI.dll
0x00007fffddc20000 - 0x00007fffddc2a000 	C:\Windows\System32\rasadhlp.dll
0x00007fffe5ae0000 - 0x00007fffe5b63000 	C:\WINDOWS\System32\fwpuclnt.dll
0x00007fffedd40000 - 0x00007fffedd5b000 	C:\WINDOWS\SYSTEM32\CRYPTSP.dll
0x00007fffed5d0000 - 0x00007fffed605000 	C:\WINDOWS\system32\rsaenh.dll
0x00007fffedbe0000 - 0x00007fffedc08000 	C:\WINDOWS\SYSTEM32\USERENV.dll
0x00007fffedd60000 - 0x00007fffedd6c000 	C:\WINDOWS\SYSTEM32\CRYPTBASE.dll
0x00007fffe7460000 - 0x00007fffe7479000 	C:\WINDOWS\SYSTEM32\dhcpcsvc6.DLL
0x00007fffe7440000 - 0x00007fffe745f000 	C:\WINDOWS\SYSTEM32\dhcpcsvc.DLL
0x00007fffeac60000 - 0x00007fffeac69000 	C:\Users\offic\.p2\pool\plugins\org.eclipse.justj.openjdk.hotspot.jre.full.win32.x86_64_17.0.4.v20220805-1047\jre\bin\management.dll
0x00007fffe9040000 - 0x00007fffe904b000 	C:\Users\offic\.p2\pool\plugins\org.eclipse.justj.openjdk.hotspot.jre.full.win32.x86_64_17.0.4.v20220805-1047\jre\bin\management_ext.dll
0x00007fffe2f30000 - 0x00007fffe2f3e000 	C:\Users\offic\.p2\pool\plugins\org.eclipse.justj.openjdk.hotspot.jre.full.win32.x86_64_17.0.4.v20220805-1047\jre\bin\sunmscapi.dll
0x00007fffee9e0000 - 0x00007fffeeb47000 	C:\WINDOWS\System32\CRYPT32.dll
0x00007fffedf00000 - 0x00007fffedf2e000 	C:\WINDOWS\SYSTEM32\ncrypt.dll
0x00007fffedec0000 - 0x00007fffedef7000 	C:\WINDOWS\SYSTEM32\NTASN1.dll
0x00007fffeb430000 - 0x00007fffeb438000 	C:\WINDOWS\system32\wshunix.dll
0x00007fffe2f10000 - 0x00007fffe2f20000 	C:\Users\offic\.p2\pool\plugins\org.eclipse.justj.openjdk.hotspot.jre.full.win32.x86_64_17.0.4.v20220805-1047\jre\bin\verify.dll
0x00007fffb8020000 - 0x00007fffb8037000 	C:\WINDOWS\system32\napinsp.dll
0x00007fffb7b60000 - 0x00007fffb7b7b000 	C:\WINDOWS\system32\pnrpnsp.dll
0x00007fffb7670000 - 0x00007fffb7681000 	C:\WINDOWS\System32\winrnr.dll
0x00007fffe6b70000 - 0x00007fffe6b85000 	C:\WINDOWS\system32\wshbth.dll
0x00007fffb40c0000 - 0x00007fffb40e7000 	C:\WINDOWS\system32\nlansp_c.dll

dbghelp: loaded successfully - version: 4.0.5 - missing functions: none
symbol engine: initialized successfully - sym options: 0x614 - pdb path: .;C:\Users\offic\.p2\pool\plugins\org.eclipse.justj.openjdk.hotspot.jre.full.win32.x86_64_17.0.4.v20220805-1047\jre\bin;C:\WINDOWS\SYSTEM32;C:\WINDOWS\WinSxS\amd64_microsoft.windows.common-controls_6595b64144ccf1df_6.0.22621.3672_none_2713b9d173822955;C:\Users\offic\.p2\pool\plugins\org.eclipse.justj.openjdk.hotspot.jre.full.win32.x86_64_17.0.4.v20220805-1047\jre\bin\server

VM Arguments:
jvm_args: -ea -Dfile.encoding=UTF-8 -Dstdout.encoding=UTF-8 -Dstderr.encoding=UTF-8 -XX:+ShowCodeDetailsInExceptionMessages 
java_command: org.testng.remote.RemoteTestNG -serport 65135 -protocol json -d C:\Users\offic\eclipse-workspace\HDFC_Banking_Application\test-output C:\Users\offic\AppData\Local\Temp\testng-eclipse-284364915\testng-customsuite.xml
java_class_path (initial): C:\Users\offic\eclipse\java-2022-06\eclipse\configuration\org.eclipse.osgi\1065\0\.cp\lib\testng-remote.jar;C:\Users\offic\eclipse-workspace\HDFC_Banking_Application\target\test-classes;C:\Users\offic\eclipse-workspace\HDFC_Banking_Application\target\classes;C:\Users\offic\.m2\repository\junit\junit\4.11\junit-4.11.jar;C:\Users\offic\.m2\repository\org\hamcrest\hamcrest-core\1.3\hamcrest-core-1.3.jar;C:\Users\offic\.m2\repository\org\seleniumhq\selenium\selenium-java\4.11.0\selenium-java-4.11.0.jar;C:\Users\offic\.m2\repository\org\seleniumhq\selenium\selenium-devtools-v113\4.11.0\selenium-devtools-v113-4.11.0.jar;C:\Users\offic\.m2\repository\org\seleniumhq\selenium\selenium-devtools-v114\4.11.0\selenium-devtools-v114-4.11.0.jar;C:\Users\offic\.m2\repository\org\seleniumhq\selenium\selenium-devtools-v115\4.11.0\selenium-devtools-v115-4.11.0.jar;C:\Users\offic\.m2\repository\org\seleniumhq\selenium\selenium-devtools-v85\4.11.0\selenium-devtools-v85-4.11.0.jar;C:\Users\offic\.m2\repository\org\seleniumhq\selenium\selenium-ie-driver\4.11.0\selenium-ie-driver-4.11.0.jar;C:\Users\offic\.m2\repository\org\seleniumhq\selenium\selenium-manager\4.11.0\selenium-manager-4.11.0.jar;C:\Users\offic\.m2\repository\org\seleniumhq\selenium\selenium-safari-driver\4.11.0\selenium-safari-driver-4.11.0.jar;C:\Users\offic\.m2\repository\org\seleniumhq\selenium\selenium-chrome-driver\4.8.0\selenium-chrome-driver-4.8.0.jar;C:\Users\offic\.m2\repository\com\google\auto\service\auto-service-annotations\1.0.1\auto-service-annotations-1.0.1.jar;C:\Users\offic\.m2\repository\com\google\auto\service\auto-service\1.0.1\auto-service-1.0.1.jar;C:\Users\offic\.m2\repository\com\google\auto\auto-common\1.2\auto-common-1.2.jar;C:\Users\offic\.m2\repository\com\google\guava\guava\31.1-jre\guava-31.1-jre.jar;C:\Users\offic\.m2\repository\com\google\guava\failureaccess\1.0.1\failureaccess-1.0.1.jar;C:\Users\offic\.m2\repository\com\google\guava\listenablefuture\9999.0-empty-
Launcher Type: SUN_STANDARD

[Global flags]
     intx CICompilerCount                          = 4                                         {product} {ergonomic}
     uint ConcGCThreads                            = 3                                         {product} {ergonomic}
     uint G1ConcRefinementThreads                  = 10                                        {product} {ergonomic}
   size_t G1HeapRegionSize                         = 1048576                                   {product} {ergonomic}
    uintx GCDrainStackTargetSize                   = 64                                        {product} {ergonomic}
   size_t InitialHeapSize                          = 98566144                                  {product} {ergonomic}
   size_t MarkStackSize                            = 4194304                                   {product} {ergonomic}
   size_t MaxHeapSize                              = 1574961152                                {product} {ergonomic}
   size_t MaxNewSize                               = 944766976                                 {product} {ergonomic}
   size_t MinHeapDeltaBytes                        = 1048576                                   {product} {ergonomic}
   size_t MinHeapSize                              = 8388608                                   {product} {ergonomic}
    uintx NonNMethodCodeHeapSize                   = 5839372                                {pd product} {ergonomic}
    uintx NonProfiledCodeHeapSize                  = 122909434                              {pd product} {ergonomic}
    uintx ProfiledCodeHeapSize                     = 122909434                              {pd product} {ergonomic}
    uintx ReservedCodeCacheSize                    = 251658240                              {pd product} {ergonomic}
     bool SegmentedCodeCache                       = true                                      {product} {ergonomic}
     bool ShowCodeDetailsInExceptionMessages       = true                                   {manageable} {command line}
   size_t SoftMaxHeapSize                          = 1574961152                             {manageable} {ergonomic}
     bool UseCompressedClassPointers               = true                           {product lp64_product} {ergonomic}
     bool UseCompressedOops                        = true                           {product lp64_product} {ergonomic}
     bool UseG1GC                                  = true                                      {product} {ergonomic}
     bool UseLargePagesIndividualAllocation        = false                                  {pd product} {ergonomic}

Logging:
Log output configuration:
 #0: stdout all=warning uptime,level,tags
 #1: stderr all=off uptime,level,tags

Environment Variables:
JAVA_HOME=C:\Program Files\Java\jdk-11.0.17
PATH=C:/Users/offic/.p2/pool/plugins/org.eclipse.justj.openjdk.hotspot.jre.full.win32.x86_64_22.0.1.v20240426-1149/jre/bin/server;C:/Users/offic/.p2/pool/plugins/org.eclipse.justj.openjdk.hotspot.jre.full.win32.x86_64_22.0.1.v20240426-1149/jre/bin;C:\WINDOWS\system32;C:\WINDOWS;C:\WINDOWS\System32\Wbem;C:\WINDOWS\System32\WindowsPowerShell\v1.0\;C:\WINDOWS\System32\OpenSSH\;C:\Program Files\Java\jdk-11.0.17\bin;C:\Program Files\Git\cmd;C:\apache-maven-3.8.6-bin\apache-maven-3.8.6\bin;C:\Program Files\nodejs\;C:\Users\offic\AppData\Local\Microsoft\WindowsApps;;C:\Users\offic\AppData\Roaming\npm;C:\Users\offic\AppData\Local\Programs\Microsoft VS Code\bin;C:\WINDOWS\system32;
USERNAME=offic
OS=Windows_NT
PROCESSOR_IDENTIFIER=AMD64 Family 23 Model 104 Stepping 1, AuthenticAMD
TMP=C:\Users\offic\AppData\Local\Temp
TEMP=C:\Users\offic\AppData\Local\Temp



---------------  S Y S T E M  ---------------

OS:
 Windows 11 , 64 bit Build 22621 (10.0.22621.3672)
OS uptime: 2 days 20:12 hours

CPU: total 12 (initial active 12) (12 cores per cpu, 2 threads per core) family 23 model 104 stepping 1 microcode 0x0, cx8, cmov, fxsr, ht, mmx, 3dnowpref, sse, sse2, sse3, ssse3, sse4a, sse4.1, sse4.2, popcnt, lzcnt, tsc, tscinvbit, avx, avx2, aes, clmul, bmi1, bmi2, adx, sha, fma, vzeroupper, clflush, clflushopt

Memory: 4k page, system-wide physical 6005M (413M free)
TotalPageFile size 24437M (AvailPageFile size 5M)
current process WorkingSet (physical memory assigned to process): 151M, peak: 151M
current process commit charge ("private bytes"): 198M, peak: 219M

vm_info: OpenJDK 64-Bit Server VM (17.0.4+8) for windows-amd64 JRE (17.0.4+8), built on Jul 19 2022 16:05:16 by "temurin" with MS VC++ 16.7 (VS2019)

END.
