#
# There is insufficient memory for the Java Runtime Environment to continue.
# Native memory allocation (malloc) failed to allocate 2121520 bytes for Chunk::new
# Possible reasons:
#   The system is out of physical RAM or swap space
#   The process is running with CompressedOops enabled, and the Java Heap may be blocking the growth of the native heap
# Possible solutions:
#   Reduce memory load on the system
#   Increase physical memory or swap space
#   Check if swap backing store is full
#   Decrease Java heap size (-Xmx/-Xms)
#   Decrease number of Java threads
#   Decrease Java thread stack sizes (-Xss)
#   Set larger code cache with -XX:ReservedCodeCacheSize=
#   JVM is running with Unscaled Compressed Oops mode in which the Java heap is
#     placed in the first 4GB address space. The Java Heap base address is the
#     maximum limit for the native heap growth. Please use -XX:HeapBaseMinAddress
#     to set the Java Heap base and to place the Java Heap above 4GB virtual address.
# This output file may be truncated or incomplete.
#
#  Out of Memory Error (arena.cpp:189), pid=15016, tid=21036
#
# JRE version: OpenJDK Runtime Environment Temurin-17.0.4+8 (17.0.4+8) (build 17.0.4+8)
# Java VM: OpenJDK 64-Bit Server VM Temurin-17.0.4+8 (17.0.4+8, mixed mode, tiered, compressed oops, compressed class ptrs, g1 gc, windows-amd64)
# No core dump will be written. Minidumps are not enabled by default on client versions of Windows
#

---------------  S U M M A R Y ------------

Command Line: -Dfile.encoding=UTF-8 -Dstdout.encoding=UTF-8 -Dstderr.encoding=UTF-8 -XX:+ShowCodeDetailsInExceptionMessages com.testng.hdfc.Selectproducttype

Host: AMD Ryzen 5 5500U with Radeon Graphics         , 12 cores, 5G,  Windows 11 , 64 bit Build 22621 (10.0.22621.3672)
Time: Sat Jun 15 23:59:33 2024 India Standard Time elapsed time: 3.438066 seconds (0d 0h 0m 3s)

---------------  T H R E A D  ---------------

Current thread (0x000002c504041ae0):  JavaThread "C2 CompilerThread0" daemon [_thread_in_native, id=21036, stack(0x000000cdecc00000,0x000000cdecd00000)]


Current CompileTask:
C2:   3438 1601   !   4       jdk.internal.loader.URLClassPath$JarLoader::getResource (354 bytes)

Stack: [0x000000cdecc00000,0x000000cdecd00000]
Native frames: (J=compiled Java code, j=interpreted, Vv=VM code, C=native code)
V  [jvm.dll+0x67733a]
V  [jvm.dll+0x8323c4]
V  [jvm.dll+0x833b6e]
V  [jvm.dll+0x8341d3]
V  [jvm.dll+0x2455e5]
V  [jvm.dll+0xabd7b]
V  [jvm.dll+0xac30c]
V  [jvm.dll+0x363a77]
V  [jvm.dll+0x1bbd88]
V  [jvm.dll+0x218629]
V  [jvm.dll+0x2178f1]
V  [jvm.dll+0x1a3f8d]
V  [jvm.dll+0x227308]
V  [jvm.dll+0x225455]
V  [jvm.dll+0x7e7eeb]
V  [jvm.dll+0x7e245a]
V  [jvm.dll+0x6761c5]
C  [ucrtbase.dll+0x29333]
C  [KERNEL32.DLL+0x1257d]
C  [ntdll.dll+0x5aa48]


---------------  P R O C E S S  ---------------

Threads class SMR info:
_java_thread_list=0x000002c505c5dc10, length=22, elements={
0x000002c56838cbc0, 0x000002c57fdb6010, 0x000002c57fd973c0, 0x000002c50403c010,
0x000002c50403d9e0, 0x000002c5040403a0, 0x000002c504040d50, 0x000002c504041ae0,
0x000002c504044000, 0x000002c504059f80, 0x000002c5042df170, 0x000002c504301a20,
0x000002c504c3f710, 0x000002c5052d3560, 0x000002c505651e80, 0x000002c50545deb0,
0x000002c50545d2b0, 0x000002c5058aa590, 0x000002c505794120, 0x000002c505792910,
0x000002c505793c50, 0x000002c505791100
}

Java Threads: ( => current thread )
  0x000002c56838cbc0 JavaThread "Forwarding newSession on session null to remote" [_thread_blocked, id=20836, stack(0x000000cdebf00000,0x000000cdec000000)]
  0x000002c57fdb6010 JavaThread "Reference Handler" daemon [_thread_blocked, id=31688, stack(0x000000cdec600000,0x000000cdec700000)]
  0x000002c57fd973c0 JavaThread "Finalizer" daemon [_thread_blocked, id=12684, stack(0x000000cdec700000,0x000000cdec800000)]
  0x000002c50403c010 JavaThread "Signal Dispatcher" daemon [_thread_blocked, id=33420, stack(0x000000cdec800000,0x000000cdec900000)]
  0x000002c50403d9e0 JavaThread "Attach Listener" daemon [_thread_blocked, id=2204, stack(0x000000cdec900000,0x000000cdeca00000)]
  0x000002c5040403a0 JavaThread "Service Thread" daemon [_thread_blocked, id=32932, stack(0x000000cdeca00000,0x000000cdecb00000)]
  0x000002c504040d50 JavaThread "Monitor Deflation Thread" daemon [_thread_blocked, id=7108, stack(0x000000cdecb00000,0x000000cdecc00000)]
=>0x000002c504041ae0 JavaThread "C2 CompilerThread0" daemon [_thread_in_native, id=21036, stack(0x000000cdecc00000,0x000000cdecd00000)]
  0x000002c504044000 JavaThread "C1 CompilerThread0" daemon [_thread_blocked, id=17864, stack(0x000000cdecd00000,0x000000cdece00000)]
  0x000002c504059f80 JavaThread "Sweeper thread" daemon [_thread_blocked, id=34604, stack(0x000000cdece00000,0x000000cdecf00000)]
  0x000002c5042df170 JavaThread "Notification Thread" daemon [_thread_blocked, id=2768, stack(0x000000cdecf00000,0x000000cded000000)]
  0x000002c504301a20 JavaThread "Common-Cleaner" daemon [_thread_blocked, id=27928, stack(0x000000cded100000,0x000000cded200000)]
  0x000002c504c3f710 JavaThread "ForkJoinPool.commonPool-worker-1" daemon [_thread_blocked, id=21120, stack(0x000000cded300000,0x000000cded400000)]
  0x000002c5052d3560 JavaThread "AsyncHttpClient-1-1" daemon [_thread_blocked, id=14132, stack(0x000000cded200000,0x000000cded300000)]
  0x000002c505651e80 JavaThread "Exec Default Executor" daemon [_thread_in_native, id=21528, stack(0x000000cdedc00000,0x000000cdedd00000)]
  0x000002c50545deb0 JavaThread "Driver Service Executor" daemon [_thread_blocked, id=34468, stack(0x000000cdedd00000,0x000000cdede00000)]
  0x000002c50545d2b0 JavaThread "Driver Service Executor" daemon [_thread_blocked, id=17396, stack(0x000000cdede00000,0x000000cdedf00000)]
  0x000002c5058aa590 JavaThread "UrlChecker-2" daemon [_thread_blocked, id=14900, stack(0x000000cdedf00000,0x000000cdee000000)]
  0x000002c505794120 JavaThread "Exec Stream Pumper" daemon [_thread_in_native, id=34616, stack(0x000000cdee000000,0x000000cdee100000)]
  0x000002c505792910 JavaThread "Exec Stream Pumper" daemon [_thread_in_native, id=30828, stack(0x000000cdee100000,0x000000cdee200000)]
  0x000002c505793c50 JavaThread "Keep-Alive-Timer" daemon [_thread_blocked, id=24676, stack(0x000000cdee300000,0x000000cdee400000)]
  0x000002c505791100 JavaThread "AsyncHttpClient-1-2" daemon [_thread_in_native, id=14732, stack(0x000000cdee700000,0x000000cdee800000)]

Other Threads:
  0x000002c57fd93b20 VMThread "VM Thread" [stack: 0x000000cdec500000,0x000000cdec600000] [id=18916]
  0x000002c56a4ee3e0 WatcherThread [stack: 0x000000cded000000,0x000000cded100000] [id=34564]
  0x000002c56a52b470 GCTaskThread "GC Thread#0" [stack: 0x000000cdec000000,0x000000cdec100000] [id=26408]
  0x000002c504b65a50 GCTaskThread "GC Thread#1" [stack: 0x000000cded400000,0x000000cded500000] [id=22940]
  0x000002c504cfecd0 GCTaskThread "GC Thread#2" [stack: 0x000000cded500000,0x000000cded600000] [id=33532]
  0x000002c50498dce0 GCTaskThread "GC Thread#3" [stack: 0x000000cded600000,0x000000cded700000] [id=21688]
  0x000002c50563dd30 GCTaskThread "GC Thread#4" [stack: 0x000000cded700000,0x000000cded800000] [id=27656]
  0x000002c50563e3f0 GCTaskThread "GC Thread#5" [stack: 0x000000cded800000,0x000000cded900000] [id=33736]
  0x000002c50563e6a0 GCTaskThread "GC Thread#6" [stack: 0x000000cded900000,0x000000cdeda00000] [id=31076]
  0x000002c50563e950 GCTaskThread "GC Thread#7" [stack: 0x000000cdeda00000,0x000000cdedb00000] [id=29396]
  0x000002c50563fc20 GCTaskThread "GC Thread#8" [stack: 0x000000cdedb00000,0x000000cdedc00000] [id=30232]
  0x000002c5056a0a20 GCTaskThread "GC Thread#9" [stack: 0x000000cdee400000,0x000000cdee500000] [id=27612]
  0x000002c56a555820 ConcurrentGCThread "G1 Main Marker" [stack: 0x000000cdec100000,0x000000cdec200000] [id=29784]
  0x000002c56a556230 ConcurrentGCThread "G1 Conc#0" [stack: 0x000000cdec200000,0x000000cdec300000] [id=18504]
  0x000002c505a36630 ConcurrentGCThread "G1 Conc#1" [stack: 0x000000cdee500000,0x000000cdee600000] [id=31544]
  0x000002c505a62cd0 ConcurrentGCThread "G1 Conc#2" [stack: 0x000000cdee600000,0x000000cdee700000] [id=22768]
  0x000002c57fc05130 ConcurrentGCThread "G1 Refine#0" [stack: 0x000000cdec300000,0x000000cdec400000] [id=17536]
  0x000002c57fc06970 ConcurrentGCThread "G1 Service" [stack: 0x000000cdec400000,0x000000cdec500000] [id=28940]

Threads with active compile tasks:
C2 CompilerThread0     3465 1601   !   4       jdk.internal.loader.URLClassPath$JarLoader::getResource (354 bytes)

VM state: not at safepoint (normal execution)

VM Mutex/Monitor currently owned by a thread: None

Heap address: 0x00000000a2200000, size: 1502 MB, Compressed Oops mode: 32-bit

CDS archive(s) not mapped
Compressed class space mapped at: 0x0000000100000000-0x0000000140000000, reserved size: 1073741824
Narrow klass base: 0x0000000000000000, Narrow klass shift: 3, Narrow klass range: 0x140000000

GC Precious Log:
 CPUs: 12 total, 12 available
 Memory: 6005M
 Large Page Support: Disabled
 NUMA Support: Disabled
 Compressed Oops: Enabled (32-bit)
 Heap Region Size: 1M
 Heap Min Capacity: 8M
 Heap Initial Capacity: 94M
 Heap Max Capacity: 1502M
 Pre-touch: Disabled
 Parallel Workers: 10
 Concurrent Workers: 3
 Concurrent Refinement Workers: 10
 Periodic GC: Disabled

Heap:
 garbage-first heap   total 58368K, used 27217K [0x00000000a2200000, 0x0000000100000000)
  region size 1024K, 8 young (8192K), 1 survivors (1024K)
 Metaspace       used 22981K, committed 23168K, reserved 1073152K
  class space    used 2569K, committed 2624K, reserved 1048576K

Heap Regions: E=young(eden), S=young(survivor), O=old, HS=humongous(starts), HC=humongous(continues), CS=collection set, F=free, OA=open archive, CA=closed archive, TAMS=top-at-mark-start (previous, next)
|   0|0x00000000a2200000, 0x00000000a2300000, 0x00000000a2300000|100%|HS|  |TAMS 0x00000000a2300000, 0x00000000a2200000| Complete 
|   1|0x00000000a2300000, 0x00000000a2400000, 0x00000000a2400000|100%| O|  |TAMS 0x00000000a2400000, 0x00000000a2300000| Untracked 
|   2|0x00000000a2400000, 0x00000000a2500000, 0x00000000a2500000|100%| O|  |TAMS 0x00000000a2500000, 0x00000000a2400000| Untracked 
|   3|0x00000000a2500000, 0x00000000a2600000, 0x00000000a2600000|100%| O|  |TAMS 0x00000000a2600000, 0x00000000a2500000| Untracked 
|   4|0x00000000a2600000, 0x00000000a2700000, 0x00000000a2700000|100%| O|  |TAMS 0x00000000a2700000, 0x00000000a2600000| Untracked 
|   5|0x00000000a2700000, 0x00000000a2800000, 0x00000000a2800000|100%| O|  |TAMS 0x00000000a2800000, 0x00000000a2700000| Untracked 
|   6|0x00000000a2800000, 0x00000000a2900000, 0x00000000a2900000|100%| O|  |TAMS 0x00000000a2900000, 0x00000000a2800000| Untracked 
|   7|0x00000000a2900000, 0x00000000a2a00000, 0x00000000a2a00000|100%| O|  |TAMS 0x00000000a2a00000, 0x00000000a2900000| Untracked 
|   8|0x00000000a2a00000, 0x00000000a2b00000, 0x00000000a2b00000|100%| O|  |TAMS 0x00000000a2b00000, 0x00000000a2a00000| Untracked 
|   9|0x00000000a2b00000, 0x00000000a2c00000, 0x00000000a2c00000|100%| O|  |TAMS 0x00000000a2c00000, 0x00000000a2b00000| Untracked 
|  10|0x00000000a2c00000, 0x00000000a2d00000, 0x00000000a2d00000|100%| O|  |TAMS 0x00000000a2d00000, 0x00000000a2c00000| Untracked 
|  11|0x00000000a2d00000, 0x00000000a2e00000, 0x00000000a2e00000|100%| O|  |TAMS 0x00000000a2dbe000, 0x00000000a2d00000| Untracked 
|  12|0x00000000a2e00000, 0x00000000a2f00000, 0x00000000a2f00000|100%| O|  |TAMS 0x00000000a2e00000, 0x00000000a2e00000| Untracked 
|  13|0x00000000a2f00000, 0x00000000a3000000, 0x00000000a3000000|100%| O|  |TAMS 0x00000000a2f00000, 0x00000000a2f00000| Untracked 
|  14|0x00000000a3000000, 0x00000000a30d5a00, 0x00000000a3100000| 83%| O|  |TAMS 0x00000000a3000000, 0x00000000a3000000| Untracked 
|  15|0x00000000a3100000, 0x00000000a3200000, 0x00000000a3200000|100%|HS|  |TAMS 0x00000000a3100000, 0x00000000a3100000| Complete 
|  16|0x00000000a3200000, 0x00000000a3300000, 0x00000000a3300000|100%|HC|  |TAMS 0x00000000a3200000, 0x00000000a3200000| Complete 
|  17|0x00000000a3300000, 0x00000000a3400000, 0x00000000a3400000|100%|HC|  |TAMS 0x00000000a3300000, 0x00000000a3300000| Complete 
|  18|0x00000000a3400000, 0x00000000a3500000, 0x00000000a3500000|100%|HC|  |TAMS 0x00000000a3400000, 0x00000000a3400000| Complete 
|  19|0x00000000a3500000, 0x00000000a3600000, 0x00000000a3600000|100%|HC|  |TAMS 0x00000000a3500000, 0x00000000a3500000| Complete 
|  20|0x00000000a3600000, 0x00000000a3600000, 0x00000000a3700000|  0%| F|  |TAMS 0x00000000a3600000, 0x00000000a3600000| Untracked 
|  21|0x00000000a3700000, 0x00000000a3700000, 0x00000000a3800000|  0%| F|  |TAMS 0x00000000a3700000, 0x00000000a3700000| Untracked 
|  22|0x00000000a3800000, 0x00000000a3800000, 0x00000000a3900000|  0%| F|  |TAMS 0x00000000a3800000, 0x00000000a3800000| Untracked 
|  23|0x00000000a3900000, 0x00000000a3900000, 0x00000000a3a00000|  0%| F|  |TAMS 0x00000000a3900000, 0x00000000a3900000| Untracked 
|  24|0x00000000a3a00000, 0x00000000a3a00000, 0x00000000a3b00000|  0%| F|  |TAMS 0x00000000a3a00000, 0x00000000a3a00000| Untracked 
|  25|0x00000000a3b00000, 0x00000000a3b00000, 0x00000000a3c00000|  0%| F|  |TAMS 0x00000000a3b00000, 0x00000000a3b00000| Untracked 
|  26|0x00000000a3c00000, 0x00000000a3c00000, 0x00000000a3d00000|  0%| F|  |TAMS 0x00000000a3c00000, 0x00000000a3c00000| Untracked 
|  27|0x00000000a3d00000, 0x00000000a3d00000, 0x00000000a3e00000|  0%| F|  |TAMS 0x00000000a3d00000, 0x00000000a3d00000| Untracked 
|  28|0x00000000a3e00000, 0x00000000a3e00000, 0x00000000a3f00000|  0%| F|  |TAMS 0x00000000a3e00000, 0x00000000a3e00000| Untracked 
|  29|0x00000000a3f00000, 0x00000000a3f00000, 0x00000000a4000000|  0%| F|  |TAMS 0x00000000a3f00000, 0x00000000a3f00000| Untracked 
|  30|0x00000000a4000000, 0x00000000a4000000, 0x00000000a4100000|  0%| F|  |TAMS 0x00000000a4000000, 0x00000000a4000000| Untracked 
|  31|0x00000000a4100000, 0x00000000a4100000, 0x00000000a4200000|  0%| F|  |TAMS 0x00000000a4100000, 0x00000000a4100000| Untracked 
|  32|0x00000000a4200000, 0x00000000a4200000, 0x00000000a4300000|  0%| F|  |TAMS 0x00000000a4200000, 0x00000000a4200000| Untracked 
|  33|0x00000000a4300000, 0x00000000a4300000, 0x00000000a4400000|  0%| F|  |TAMS 0x00000000a4300000, 0x00000000a4300000| Untracked 
|  34|0x00000000a4400000, 0x00000000a4400000, 0x00000000a4500000|  0%| F|  |TAMS 0x00000000a4400000, 0x00000000a4400000| Untracked 
|  35|0x00000000a4500000, 0x00000000a4500000, 0x00000000a4600000|  0%| F|  |TAMS 0x00000000a4500000, 0x00000000a4500000| Untracked 
|  36|0x00000000a4600000, 0x00000000a4600000, 0x00000000a4700000|  0%| F|  |TAMS 0x00000000a4600000, 0x00000000a4600000| Untracked 
|  37|0x00000000a4700000, 0x00000000a4700000, 0x00000000a4800000|  0%| F|  |TAMS 0x00000000a4700000, 0x00000000a4700000| Untracked 
|  38|0x00000000a4800000, 0x00000000a4800000, 0x00000000a4900000|  0%| F|  |TAMS 0x00000000a4800000, 0x00000000a4800000| Untracked 
|  39|0x00000000a4900000, 0x00000000a4900000, 0x00000000a4a00000|  0%| F|  |TAMS 0x00000000a4900000, 0x00000000a4900000| Untracked 
|  40|0x00000000a4a00000, 0x00000000a4a00000, 0x00000000a4b00000|  0%| F|  |TAMS 0x00000000a4a00000, 0x00000000a4a00000| Untracked 
|  41|0x00000000a4b00000, 0x00000000a4b00000, 0x00000000a4c00000|  0%| F|  |TAMS 0x00000000a4b00000, 0x00000000a4b00000| Untracked 
|  42|0x00000000a4c00000, 0x00000000a4c00000, 0x00000000a4d00000|  0%| F|  |TAMS 0x00000000a4c00000, 0x00000000a4c00000| Untracked 
|  43|0x00000000a4d00000, 0x00000000a4d00000, 0x00000000a4e00000|  0%| F|  |TAMS 0x00000000a4d00000, 0x00000000a4d00000| Untracked 
|  44|0x00000000a4e00000, 0x00000000a4e00000, 0x00000000a4f00000|  0%| F|  |TAMS 0x00000000a4e00000, 0x00000000a4e00000| Untracked 
|  45|0x00000000a4f00000, 0x00000000a4f00000, 0x00000000a5000000|  0%| F|  |TAMS 0x00000000a4f00000, 0x00000000a4f00000| Untracked 
|  46|0x00000000a5000000, 0x00000000a5000000, 0x00000000a5100000|  0%| F|  |TAMS 0x00000000a5000000, 0x00000000a5000000| Untracked 
|  47|0x00000000a5100000, 0x00000000a5100000, 0x00000000a5200000|  0%| F|  |TAMS 0x00000000a5100000, 0x00000000a5100000| Untracked 
|  48|0x00000000a5200000, 0x00000000a5200000, 0x00000000a5300000|  0%| F|  |TAMS 0x00000000a5200000, 0x00000000a5200000| Untracked 
|  49|0x00000000a5300000, 0x00000000a53811b0, 0x00000000a5400000| 50%| E|  |TAMS 0x00000000a5300000, 0x00000000a5300000| Complete 
|  50|0x00000000a5400000, 0x00000000a5500000, 0x00000000a5500000|100%| E|CS|TAMS 0x00000000a5400000, 0x00000000a5400000| Complete 
|  51|0x00000000a5500000, 0x00000000a5600000, 0x00000000a5600000|100%| E|CS|TAMS 0x00000000a5500000, 0x00000000a5500000| Complete 
|  52|0x00000000a5600000, 0x00000000a5700000, 0x00000000a5700000|100%| E|CS|TAMS 0x00000000a5600000, 0x00000000a5600000| Complete 
|  53|0x00000000a5700000, 0x00000000a5800000, 0x00000000a5800000|100%| E|CS|TAMS 0x00000000a5700000, 0x00000000a5700000| Complete 
|  54|0x00000000a5800000, 0x00000000a5900000, 0x00000000a5900000|100%| E|CS|TAMS 0x00000000a5800000, 0x00000000a5800000| Complete 
|  83|0x00000000a7500000, 0x00000000a75bed58, 0x00000000a7600000| 74%| S|CS|TAMS 0x00000000a7500000, 0x00000000a7500000| Complete 
|  93|0x00000000a7f00000, 0x00000000a8000000, 0x00000000a8000000|100%| E|CS|TAMS 0x00000000a7f00000, 0x00000000a7f00000| Complete 

Card table byte_map: [0x000002c57d3c0000,0x000002c57d6b0000] _byte_map_base: 0x000002c57ceaf000

Marking Bits (Prev, Next): (CMBitMap*) 0x000002c56a52bac0, (CMBitMap*) 0x000002c56a52ba80
 Prev Bits: [0x000002c500000000, 0x000002c501778000)
 Next Bits: [0x000002c57d9a0000, 0x000002c57f118000)

Polling page: 0x000002c569c90000

Metaspace:

Usage:
  Non-class:     19.93 MB used.
      Class:      2.51 MB used.
       Both:     22.44 MB used.

Virtual space:
  Non-class space:       24.00 MB reserved,      20.06 MB ( 84%) committed,  3 nodes.
      Class space:        1.00 GB reserved,       2.56 MB ( <1%) committed,  1 nodes.
             Both:        1.02 GB reserved,      22.62 MB (  2%) committed. 

Chunk freelists:
   Non-Class:  3.80 MB
       Class:  1.25 MB
        Both:  5.05 MB

MaxMetaspaceSize: unlimited
CompressedClassSpaceSize: 1.00 GB
Initial GC threshold: 21.00 MB
Current GC threshold: 35.44 MB
CDS: off
MetaspaceReclaimPolicy: balanced
 - commit_granule_bytes: 65536.
 - commit_granule_words: 8192.
 - virtual_space_node_default_size: 1048576.
 - enlarge_chunks_in_place: 1.
 - new_chunks_are_fully_committed: 0.
 - uncommit_free_chunks: 1.
 - use_allocation_guard: 0.
 - handle_deallocations: 1.


Internal statistics:

num_allocs_failed_limit: 3.
num_arena_births: 100.
num_arena_deaths: 0.
num_vsnodes_births: 4.
num_vsnodes_deaths: 0.
num_space_committed: 362.
num_space_uncommitted: 0.
num_chunks_returned_to_freelist: 3.
num_chunks_taken_from_freelist: 485.
num_chunk_merges: 3.
num_chunk_splits: 313.
num_chunks_enlarged: 253.
num_purges: 0.
num_inconsistent_stats: 0.

CodeHeap 'non-profiled nmethods': size=120000Kb used=646Kb max_used=646Kb free=119353Kb
 bounds [0x000002c575650000, 0x000002c5758c0000, 0x000002c57cb80000]
CodeHeap 'profiled nmethods': size=120000Kb used=3047Kb max_used=3047Kb free=116952Kb
 bounds [0x000002c56e120000, 0x000002c56e420000, 0x000002c575650000]
CodeHeap 'non-nmethods': size=5760Kb used=1222Kb max_used=1246Kb free=4537Kb
 bounds [0x000002c56db80000, 0x000002c56ddf0000, 0x000002c56e120000]
 total_blobs=2132 nmethods=1609 adapters=436
 compilation: enabled
              stopped_count=0, restarted_count=0
 full_count=0

Compilation events (20 events):
Event: 3.161 Thread 0x000002c504044000 nmethod 1597 0x000002c5756f0990 code [0x000002c5756f0b20, 0x000002c5756f0bf8]
Event: 3.161 Thread 0x000002c504044000 1599       1       java.lang.reflect.Method::getDeclaringClass (5 bytes)
Event: 3.161 Thread 0x000002c504044000 nmethod 1599 0x000002c5756f0c90 code [0x000002c5756f0e20, 0x000002c5756f0ef8]
Event: 3.162 Thread 0x000002c504044000 1600       3       java.util.LinkedList::toArray (81 bytes)
Event: 3.163 Thread 0x000002c504044000 nmethod 1600 0x000002c56e416390 code [0x000002c56e4165a0, 0x000002c56e416db8]
Event: 3.164 Thread 0x000002c504041ae0 1601   !   4       jdk.internal.loader.URLClassPath$JarLoader::getResource (354 bytes)
Event: 3.196 Thread 0x000002c504044000 1603       3       java.lang.Class::privateGetDeclaredMethods (64 bytes)
Event: 3.196 Thread 0x000002c504044000 nmethod 1603 0x000002c56e417090 code [0x000002c56e4172c0, 0x000002c56e417a98]
Event: 3.196 Thread 0x000002c504044000 1604       1       java.lang.reflect.Method::getRoot (5 bytes)
Event: 3.196 Thread 0x000002c504044000 nmethod 1604 0x000002c5756f0f90 code [0x000002c5756f1120, 0x000002c5756f11f8]
Event: 3.197 Thread 0x000002c504044000 1605       3       jdk.internal.reflect.ReflectionFactory::copyMethod (11 bytes)
Event: 3.197 Thread 0x000002c504044000 nmethod 1605 0x000002c56e417d10 code [0x000002c56e417ec0, 0x000002c56e4180a8]
Event: 3.197 Thread 0x000002c504044000 1606       3       java.lang.reflect.ReflectAccess::copyMethod (5 bytes)
Event: 3.197 Thread 0x000002c504044000 nmethod 1606 0x000002c56e418210 code [0x000002c56e4183c0, 0x000002c56e418508]
Event: 3.198 Thread 0x000002c504044000 1608       3       java.util.concurrent.ConcurrentHashMap::remove (8 bytes)
Event: 3.199 Thread 0x000002c504044000 nmethod 1608 0x000002c56e418610 code [0x000002c56e4187c0, 0x000002c56e418908]
Event: 3.204 Thread 0x000002c504044000 1609       3       java.lang.invoke.MethodHandles$Lookup::getDirectMethodNoSecurityManager (18 bytes)
Event: 3.205 Thread 0x000002c504044000 nmethod 1609 0x000002c56e418990 code [0x000002c56e418b20, 0x000002c56e418c68]
Event: 3.240 Thread 0x000002c504044000 1611       3       java.lang.invoke.VarHandle::checkExactAccessMode (28 bytes)
Event: 3.240 Thread 0x000002c504044000 nmethod 1611 0x000002c56e418d10 code [0x000002c56e418f40, 0x000002c56e419ae8]

GC Heap History (6 events):
Event: 0.906 GC heap before
{Heap before GC invocations=0 (full 0):
 garbage-first heap   total 96256K, used 24576K [0x00000000a2200000, 0x0000000100000000)
  region size 1024K, 23 young (23552K), 0 survivors (0K)
 Metaspace       used 10394K, committed 10560K, reserved 1064960K
  class space    used 982K, committed 1088K, reserved 1048576K
}
Event: 0.915 GC heap after
{Heap after GC invocations=1 (full 0):
 garbage-first heap   total 96256K, used 11708K [0x00000000a2200000, 0x0000000100000000)
  region size 1024K, 3 young (3072K), 3 survivors (3072K)
 Metaspace       used 10394K, committed 10560K, reserved 1064960K
  class space    used 982K, committed 1088K, reserved 1048576K
}
Event: 2.572 GC heap before
{Heap before GC invocations=1 (full 0):
 garbage-first heap   total 96256K, used 33212K [0x00000000a2200000, 0x0000000100000000)
  region size 1024K, 24 young (24576K), 3 survivors (3072K)
 Metaspace       used 18436K, committed 18560K, reserved 1073152K
  class space    used 1910K, committed 1984K, reserved 1048576K
}
Event: 2.578 GC heap after
{Heap after GC invocations=2 (full 0):
 garbage-first heap   total 96256K, used 15096K [0x00000000a2200000, 0x0000000100000000)
  region size 1024K, 3 young (3072K), 3 survivors (3072K)
 Metaspace       used 18436K, committed 18560K, reserved 1073152K
  class space    used 1910K, committed 1984K, reserved 1048576K
}
Event: 3.069 GC heap before
{Heap before GC invocations=2 (full 0):
 garbage-first heap   total 96256K, used 24312K [0x00000000a2200000, 0x0000000100000000)
  region size 1024K, 13 young (13312K), 3 survivors (3072K)
 Metaspace       used 21351K, committed 21504K, reserved 1073152K
  class space    used 2324K, committed 2432K, reserved 1048576K
}
Event: 3.074 GC heap after
{Heap after GC invocations=3 (full 0):
 garbage-first heap   total 96256K, used 15953K [0x00000000a2200000, 0x0000000100000000)
  region size 1024K, 1 young (1024K), 1 survivors (1024K)
 Metaspace       used 21351K, committed 21504K, reserved 1073152K
  class space    used 2324K, committed 2432K, reserved 1048576K
}

Deoptimization events (20 events):
Event: 2.913 Thread 0x000002c56838cbc0 Uncommon trap: trap_request=0xffffffde fr.pc=0x000002c5756e06a4 relative=0x0000000000000104
Event: 2.913 Thread 0x000002c56838cbc0 Uncommon trap: reason=class_check action=maybe_recompile pc=0x000002c5756e06a4 method=jdk.internal.misc.Unsafe.allocateUninitializedArray(Ljava/lang/Class;I)Ljava/lang/Object; @ 51 c2
Event: 2.913 Thread 0x000002c56838cbc0 DEOPT PACKING pc=0x000002c5756e06a4 sp=0x000000cdebffdb70
Event: 2.913 Thread 0x000002c56838cbc0 DEOPT UNPACKING pc=0x000002c56dbd23a3 sp=0x000000cdebffdaf8 mode 2
Event: 2.913 Thread 0x000002c56838cbc0 Uncommon trap: trap_request=0xffffffde fr.pc=0x000002c5756e06a4 relative=0x0000000000000104
Event: 2.913 Thread 0x000002c56838cbc0 Uncommon trap: reason=class_check action=maybe_recompile pc=0x000002c5756e06a4 method=jdk.internal.misc.Unsafe.allocateUninitializedArray(Ljava/lang/Class;I)Ljava/lang/Object; @ 51 c2
Event: 2.913 Thread 0x000002c56838cbc0 DEOPT PACKING pc=0x000002c5756e06a4 sp=0x000000cdebffdc10
Event: 2.913 Thread 0x000002c56838cbc0 DEOPT UNPACKING pc=0x000002c56dbd23a3 sp=0x000000cdebffdb98 mode 2
Event: 3.019 Thread 0x000002c56838cbc0 Uncommon trap: trap_request=0xffffff45 fr.pc=0x000002c5756c739c relative=0x000000000000015c
Event: 3.019 Thread 0x000002c56838cbc0 Uncommon trap: reason=unstable_if action=reinterpret pc=0x000002c5756c739c method=java.lang.invoke.VarHandle.checkExactAccessMode(Ljava/lang/invoke/VarHandle$AccessDescriptor;)V @ 4 c2
Event: 3.019 Thread 0x000002c56838cbc0 DEOPT PACKING pc=0x000002c5756c739c sp=0x000000cdebffe1e0
Event: 3.019 Thread 0x000002c56838cbc0 DEOPT UNPACKING pc=0x000002c56dbd23a3 sp=0x000000cdebffe120 mode 2
Event: 3.241 Thread 0x000002c505791100 Uncommon trap: trap_request=0xffffffde fr.pc=0x000002c5756b565c relative=0x000000000000075c
Event: 3.241 Thread 0x000002c505791100 Uncommon trap: reason=class_check action=maybe_recompile pc=0x000002c5756b565c method=java.util.HashMap.putVal(ILjava/lang/Object;Ljava/lang/Object;ZZ)Ljava/lang/Object; @ 91 c2
Event: 3.241 Thread 0x000002c505791100 DEOPT PACKING pc=0x000002c5756b565c sp=0x000000cdee7feb80
Event: 3.241 Thread 0x000002c505791100 DEOPT UNPACKING pc=0x000002c56dbd23a3 sp=0x000000cdee7feb30 mode 2
Event: 3.241 Thread 0x000002c505791100 Uncommon trap: trap_request=0xffffffde fr.pc=0x000002c5756b565c relative=0x000000000000075c
Event: 3.241 Thread 0x000002c505791100 Uncommon trap: reason=class_check action=maybe_recompile pc=0x000002c5756b565c method=java.util.HashMap.putVal(ILjava/lang/Object;Ljava/lang/Object;ZZ)Ljava/lang/Object; @ 91 c2
Event: 3.241 Thread 0x000002c505791100 DEOPT PACKING pc=0x000002c5756b565c sp=0x000000cdee7feb80
Event: 3.241 Thread 0x000002c505791100 DEOPT UNPACKING pc=0x000002c56dbd23a3 sp=0x000000cdee7feb30 mode 2

Classes unloaded (0 events):
No events

Classes redefined (0 events):
No events

Internal exceptions (20 events):
Event: 2.695 Thread 0x000002c505651e80 Exception <a 'java/lang/NoSuchMethodError'{0x00000000a7d15f38}: 'java.lang.Object java.lang.invoke.DirectMethodHandle$Holder.newInvokeSpecial(java.lang.Object, long)'> (0x00000000a7d15f38) 
thrown [s\src\hotspot\share\interpreter\linkResolver.cpp, line 759]
Event: 2.698 Thread 0x000002c505651e80 Exception <a 'java/lang/NoSuchMethodError'{0x00000000a7d20ab0}: 'java.lang.Object java.lang.invoke.DirectMethodHandle$Holder.invokeStaticInit(java.lang.Object, java.lang.Object, long, java.lang.Object)'> (0x00000000a7d20ab0) 
thrown [s\src\hotspot\share\interpreter\linkResolver.cpp, line 759]
Event: 2.699 Thread 0x000002c505651e80 Exception <a 'java/lang/NoSuchMethodError'{0x00000000a7d26bc0}: 'java.lang.Object java.lang.invoke.DirectMethodHandle$Holder.newInvokeSpecial(java.lang.Object, java.lang.Object, long)'> (0x00000000a7d26bc0) 
thrown [s\src\hotspot\share\interpreter\linkResolver.cpp, line 759]
Event: 2.699 Thread 0x000002c505651e80 Exception <a 'java/lang/NoSuchMethodError'{0x00000000a7d2aeb0}: 'java.lang.Object java.lang.invoke.Invokers$Holder.linkToTargetMethod(java.lang.Object, long, java.lang.Object)'> (0x00000000a7d2aeb0) 
thrown [s\src\hotspot\share\interpreter\linkResolver.cpp, line 759]
Event: 2.773 Thread 0x000002c5058aa590 Exception <a 'java/net/ConnectException'{0x00000000a7d6f138}: Connection refused: no further information> (0x00000000a7d6f138) 
thrown [s\src\hotspot\share\prims\jni.cpp, line 535]
Event: 2.773 Thread 0x000002c5058aa590 Exception <a 'java/net/SocketException'{0x00000000a7d6f470}: Socket is not connected: shutdown> (0x00000000a7d6f470) 
thrown [s\src\hotspot\share\prims\jni.cpp, line 535]
Event: 2.813 Thread 0x000002c5058aa590 Exception <a 'java/net/ConnectException'{0x00000000a7d704d8}: Connection refused: no further information> (0x00000000a7d704d8) 
thrown [s\src\hotspot\share\prims\jni.cpp, line 535]
Event: 2.813 Thread 0x000002c5058aa590 Exception <a 'java/net/SocketException'{0x00000000a7d70810}: Socket is not connected: shutdown> (0x00000000a7d70810) 
thrown [s\src\hotspot\share\prims\jni.cpp, line 535]
Event: 2.902 Thread 0x000002c56838cbc0 Exception <a 'java/lang/NoSuchMethodError'{0x00000000a7c12320}: 'int java.lang.invoke.DirectMethodHandle$Holder.invokeVirtual(java.lang.Object, java.lang.Object)'> (0x00000000a7c12320) 
thrown [s\src\hotspot\share\interpreter\linkResolver.cpp, line 759]
Event: 2.903 Thread 0x000002c56838cbc0 Exception <a 'java/lang/NoSuchMethodError'{0x00000000a7c18840}: 'double java.lang.invoke.DirectMethodHandle$Holder.invokeVirtual(java.lang.Object, java.lang.Object)'> (0x00000000a7c18840) 
thrown [s\src\hotspot\share\interpreter\linkResolver.cpp, line 759]
Event: 2.904 Thread 0x000002c56838cbc0 Exception <a 'java/lang/NoSuchMethodError'{0x00000000a7c1efe8}: 'float java.lang.invoke.DirectMethodHandle$Holder.invokeVirtual(java.lang.Object, java.lang.Object)'> (0x00000000a7c1efe8) 
thrown [s\src\hotspot\share\interpreter\linkResolver.cpp, line 759]
Event: 2.905 Thread 0x000002c56838cbc0 Exception <a 'java/lang/NoSuchMethodError'{0x00000000a7c28178}: 'long java.lang.invoke.DirectMethodHandle$Holder.invokeVirtual(java.lang.Object, java.lang.Object)'> (0x00000000a7c28178) 
thrown [s\src\hotspot\share\interpreter\linkResolver.cpp, line 759]
Event: 2.919 Thread 0x000002c56838cbc0 Exception <a 'java/lang/NoSuchMethodError'{0x00000000a7c5c218}: 'void java.lang.invoke.DirectMethodHandle$Holder.invokeStatic(java.lang.Object, java.lang.Object, java.lang.Object)'> (0x00000000a7c5c218) 
thrown [s\src\hotspot\share\interpreter\linkResolver.cpp, line 759]
Event: 2.946 Thread 0x000002c56838cbc0 Exception <a 'java/lang/NoSuchMethodError'{0x00000000a7b7e8b0}: 'void java.lang.invoke.DirectMethodHandle$Holder.invokeSpecial(java.lang.Object, java.lang.Object, java.lang.Object, java.lang.Object, java.lang.Object)'> (0x00000000a7b7e8b0) 
thrown [s\src\hotspot\share\interpreter\linkResolver.cpp, line 759]
Event: 2.948 Thread 0x000002c56838cbc0 Exception <a 'java/lang/NoSuchMethodError'{0x00000000a7b85d78}: 'void java.lang.invoke.DirectMethodHandle$Holder.invokeStatic(java.lang.Object, java.lang.Object, int)'> (0x00000000a7b85d78) 
thrown [s\src\hotspot\share\interpreter\linkResolver.cpp, line 759]
Event: 2.966 Thread 0x000002c56838cbc0 Exception <a 'java/lang/NoSuchMethodError'{0x00000000a7a446c0}: 'java.lang.Object java.lang.invoke.DirectMethodHandle$Holder.newInvokeSpecial(java.lang.Object, java.lang.Object, java.lang.Object, java.lang.Object, java.lang.Object)'> (0x00000000a7a446c0) 
thrown [s\src\hotspot\share\interpreter\linkResolver.cpp, line 759]
Event: 3.005 Thread 0x000002c56838cbc0 Exception <a 'java/lang/NoSuchMethodError'{0x00000000a79cb3f8}: 'int java.lang.invoke.DirectMethodHandle$Holder.invokeSpecialIFC(java.lang.Object, java.lang.Object, java.lang.Object)'> (0x00000000a79cb3f8) 
thrown [s\src\hotspot\share\interpreter\linkResolver.cpp, line 759]
Event: 3.015 Thread 0x000002c56838cbc0 Exception <a 'java/lang/NoSuchMethodError'{0x00000000a783a268}: 'java.lang.Object java.lang.invoke.Invokers$Holder.invokeExact_MT(java.lang.Object, java.lang.Object, java.lang.Object, java.lang.Object, java.lang.Object, java.lang.Object)'> (0x00000000a783a268) 
thrown [s\src\hotspot\share\interpreter\linkResolver.cpp, line 759]
Event: 3.045 Thread 0x000002c56838cbc0 Exception <a 'java/lang/NoSuchMethodError'{0x00000000a77982f0}: 'void java.lang.invoke.DirectMethodHandle$Holder.invokeStatic(java.lang.Object, java.lang.Object, java.lang.Object, java.lang.Object)'> (0x00000000a77982f0) 
thrown [s\src\hotspot\share\interpreter\linkResolver.cpp, line 759]
Event: 3.095 Thread 0x000002c56838cbc0 Exception <a 'java/lang/NoSuchMethodError'{0x00000000a7fe1928}: 'void java.lang.invoke.DirectMethodHandle$Holder.invokeSpecial(java.lang.Object, java.lang.Object, java.lang.Object, java.lang.Object, java.lang.Object, java.lang.Object)'> (0x00000000a7fe1928) 
thrown [s\src\hotspot\share\interpreter\linkResolver.cpp, line 759]

VM Operations (20 events):
Event: 1.204 Executing VM operation: HandshakeAllThreads
Event: 1.204 Executing VM operation: HandshakeAllThreads done
Event: 1.469 Executing VM operation: HandshakeAllThreads
Event: 1.469 Executing VM operation: HandshakeAllThreads done
Event: 2.474 Executing VM operation: Cleanup
Event: 2.474 Executing VM operation: Cleanup done
Event: 2.572 Executing VM operation: G1CollectForAllocation
Event: 2.578 Executing VM operation: G1CollectForAllocation done
Event: 2.864 Executing VM operation: HandshakeAllThreads
Event: 2.864 Executing VM operation: HandshakeAllThreads done
Event: 2.864 Executing VM operation: HandshakeAllThreads
Event: 2.864 Executing VM operation: HandshakeAllThreads done
Event: 2.880 Executing VM operation: HandshakeAllThreads
Event: 2.880 Executing VM operation: HandshakeAllThreads done
Event: 3.069 Executing VM operation: CollectForMetadataAllocation
Event: 3.074 Executing VM operation: CollectForMetadataAllocation done
Event: 3.091 Executing VM operation: G1Concurrent
Event: 3.093 Executing VM operation: G1Concurrent done
Event: 3.095 Executing VM operation: G1Concurrent
Event: 3.096 Executing VM operation: G1Concurrent done

Events (20 events):
Event: 3.165 loading class java/lang/invoke/ConstantBootstraps
Event: 3.165 loading class java/lang/invoke/ConstantBootstraps done
Event: 3.199 loading class java/nio/channels/UnsupportedAddressTypeException
Event: 3.199 loading class java/nio/channels/UnsupportedAddressTypeException done
Event: 3.204 loading class java/nio/channels/spi/AbstractSelector$1
Event: 3.204 loading class java/nio/channels/spi/AbstractSelector$1 done
Event: 3.212 loading class java/io/PushbackInputStream
Event: 3.213 loading class java/io/PushbackInputStream done
Event: 3.230 loading class java/nio/charset/IllegalCharsetNameException
Event: 3.230 loading class java/nio/charset/IllegalCharsetNameException done
Event: 3.230 loading class java/nio/charset/UnsupportedCharsetException
Event: 3.230 loading class java/nio/charset/UnsupportedCharsetException done
Event: 3.237 loading class sun/nio/ch/IOVecWrapper
Event: 3.237 loading class sun/nio/ch/IOVecWrapper done
Event: 3.237 loading class sun/nio/ch/AllocatedNativeObject
Event: 3.239 loading class sun/nio/ch/NativeObject
Event: 3.239 loading class sun/nio/ch/NativeObject done
Event: 3.239 loading class sun/nio/ch/AllocatedNativeObject done
Event: 3.239 loading class sun/nio/ch/IOVecWrapper$Deallocator
Event: 3.239 loading class sun/nio/ch/IOVecWrapper$Deallocator done


Dynamic libraries:
0x00007ff7c3420000 - 0x00007ff7c342e000 	C:\Users\offic\.p2\pool\plugins\org.eclipse.justj.openjdk.hotspot.jre.full.win32.x86_64_17.0.4.v20220805-1047\jre\bin\javaw.exe
0x00007ffff1310000 - 0x00007ffff1527000 	C:\WINDOWS\SYSTEM32\ntdll.dll
0x00007ffff0210000 - 0x00007ffff02d4000 	C:\WINDOWS\System32\KERNEL32.DLL
0x00007fffeeb80000 - 0x00007fffeef2c000 	C:\WINDOWS\System32\KERNELBASE.dll
0x00007fffee7a0000 - 0x00007fffee8b1000 	C:\WINDOWS\System32\ucrtbase.dll
0x00007fffc7b00000 - 0x00007fffc7b18000 	C:\Users\offic\.p2\pool\plugins\org.eclipse.justj.openjdk.hotspot.jre.full.win32.x86_64_17.0.4.v20220805-1047\jre\bin\jli.dll
0x00007fffc7b20000 - 0x00007fffc7b39000 	C:\Users\offic\.p2\pool\plugins\org.eclipse.justj.openjdk.hotspot.jre.full.win32.x86_64_17.0.4.v20220805-1047\jre\bin\VCRUNTIME140.dll
0x00007ffff0060000 - 0x00007ffff020e000 	C:\WINDOWS\System32\USER32.dll
0x00007fffee6b0000 - 0x00007fffee6d6000 	C:\WINDOWS\System32\win32u.dll
0x00007ffff03f0000 - 0x00007ffff0419000 	C:\WINDOWS\System32\GDI32.dll
0x00007fffee8c0000 - 0x00007fffee9d9000 	C:\WINDOWS\System32\gdi32full.dll
0x00007fffcfef0000 - 0x00007fffd0183000 	C:\WINDOWS\WinSxS\amd64_microsoft.windows.common-controls_6595b64144ccf1df_6.0.22621.3672_none_2713b9d173822955\COMCTL32.dll
0x00007fffeef30000 - 0x00007fffeefca000 	C:\WINDOWS\System32\msvcp_win.dll
0x00007ffff0ff0000 - 0x00007ffff1097000 	C:\WINDOWS\System32\msvcrt.dll
0x00007ffff0d20000 - 0x00007ffff0d51000 	C:\WINDOWS\System32\IMM32.DLL
0x00007fffe9040000 - 0x00007fffe904c000 	C:\Users\offic\.p2\pool\plugins\org.eclipse.justj.openjdk.hotspot.jre.full.win32.x86_64_17.0.4.v20220805-1047\jre\bin\vcruntime140_1.dll
0x00007fffb4570000 - 0x00007fffb4601000 	C:\Users\offic\.p2\pool\plugins\org.eclipse.justj.openjdk.hotspot.jre.full.win32.x86_64_17.0.4.v20220805-1047\jre\bin\msvcp140.dll
0x00007fff96020000 - 0x00007fff96c66000 	C:\Users\offic\.p2\pool\plugins\org.eclipse.justj.openjdk.hotspot.jre.full.win32.x86_64_17.0.4.v20220805-1047\jre\bin\server\jvm.dll
0x00007ffff09a0000 - 0x00007ffff0a52000 	C:\WINDOWS\System32\ADVAPI32.dll
0x00007ffff0d60000 - 0x00007ffff0e08000 	C:\WINDOWS\System32\sechost.dll
0x00007fffeeb50000 - 0x00007fffeeb78000 	C:\WINDOWS\System32\bcrypt.dll
0x00007ffff10a0000 - 0x00007ffff11b5000 	C:\WINDOWS\System32\RPCRT4.dll
0x00007fffef570000 - 0x00007fffef578000 	C:\WINDOWS\System32\PSAPI.DLL
0x00007fffcad70000 - 0x00007fffcad79000 	C:\WINDOWS\SYSTEM32\WSOCK32.dll
0x00007ffff0e60000 - 0x00007ffff0ed1000 	C:\WINDOWS\System32\WS2_32.dll
0x00007fffe65f0000 - 0x00007fffe65fa000 	C:\WINDOWS\SYSTEM32\VERSION.dll
0x00007fffe6ae0000 - 0x00007fffe6b14000 	C:\WINDOWS\SYSTEM32\WINMM.dll
0x00007fffed670000 - 0x00007fffed688000 	C:\WINDOWS\SYSTEM32\kernel.appcore.dll
0x00007fffdcaa0000 - 0x00007fffdcaaa000 	C:\Users\offic\.p2\pool\plugins\org.eclipse.justj.openjdk.hotspot.jre.full.win32.x86_64_17.0.4.v20220805-1047\jre\bin\jimage.dll
0x00007fffec1f0000 - 0x00007fffec422000 	C:\WINDOWS\SYSTEM32\DBGHELP.DLL
0x00007fffef1c0000 - 0x00007fffef548000 	C:\WINDOWS\System32\combase.dll
0x00007ffff0a80000 - 0x00007ffff0b57000 	C:\WINDOWS\System32\OLEAUT32.dll
0x00007fffdaf80000 - 0x00007fffdafb2000 	C:\WINDOWS\SYSTEM32\dbgcore.DLL
0x00007fffeefd0000 - 0x00007fffef04b000 	C:\WINDOWS\System32\bcryptPrimitives.dll
0x00007fffc7ad0000 - 0x00007fffc7af5000 	C:\Users\offic\.p2\pool\plugins\org.eclipse.justj.openjdk.hotspot.jre.full.win32.x86_64_17.0.4.v20220805-1047\jre\bin\java.dll
0x00007fffc5d40000 - 0x00007fffc5d58000 	C:\Users\offic\.p2\pool\plugins\org.eclipse.justj.openjdk.hotspot.jre.full.win32.x86_64_17.0.4.v20220805-1047\jre\bin\zip.dll
0x00007fffef580000 - 0x00007fffefddc000 	C:\WINDOWS\System32\SHELL32.dll
0x00007fffec590000 - 0x00007fffece87000 	C:\WINDOWS\SYSTEM32\windows.storage.dll
0x00007fffec450000 - 0x00007fffec58f000 	C:\WINDOWS\SYSTEM32\wintypes.dll
0x00007ffff0ef0000 - 0x00007ffff0fe4000 	C:\WINDOWS\System32\SHCORE.dll
0x00007fffefde0000 - 0x00007fffefe3e000 	C:\WINDOWS\System32\shlwapi.dll
0x00007fffee570000 - 0x00007fffee591000 	C:\WINDOWS\SYSTEM32\profapi.dll
0x00007fffc5d20000 - 0x00007fffc5d39000 	C:\Users\offic\.p2\pool\plugins\org.eclipse.justj.openjdk.hotspot.jre.full.win32.x86_64_17.0.4.v20220805-1047\jre\bin\net.dll
0x00007fffe76f0000 - 0x00007fffe7826000 	C:\WINDOWS\SYSTEM32\WINHTTP.dll
0x00007fffedae0000 - 0x00007fffedb49000 	C:\WINDOWS\system32\mswsock.dll
0x00007fffc5d00000 - 0x00007fffc5d15000 	C:\Users\offic\.p2\pool\plugins\org.eclipse.justj.openjdk.hotspot.jre.full.win32.x86_64_17.0.4.v20220805-1047\jre\bin\nio.dll
0x00007fffed160000 - 0x00007fffed258000 	C:\WINDOWS\SYSTEM32\DNSAPI.dll
0x00007fffed130000 - 0x00007fffed15d000 	C:\WINDOWS\SYSTEM32\IPHLPAPI.DLL
0x00007ffff0d10000 - 0x00007ffff0d19000 	C:\WINDOWS\System32\NSI.dll
0x00007fffddc20000 - 0x00007fffddc2a000 	C:\Windows\System32\rasadhlp.dll
0x00007fffe5ae0000 - 0x00007fffe5b63000 	C:\WINDOWS\System32\fwpuclnt.dll
0x00007fffdca60000 - 0x00007fffdca69000 	C:\Users\offic\.p2\pool\plugins\org.eclipse.justj.openjdk.hotspot.jre.full.win32.x86_64_17.0.4.v20220805-1047\jre\bin\management.dll
0x00007fffdc9b0000 - 0x00007fffdc9bb000 	C:\Users\offic\.p2\pool\plugins\org.eclipse.justj.openjdk.hotspot.jre.full.win32.x86_64_17.0.4.v20220805-1047\jre\bin\management_ext.dll
0x00007fffdc1e0000 - 0x00007fffdc1ee000 	C:\Users\offic\.p2\pool\plugins\org.eclipse.justj.openjdk.hotspot.jre.full.win32.x86_64_17.0.4.v20220805-1047\jre\bin\sunmscapi.dll
0x00007fffee9e0000 - 0x00007fffeeb47000 	C:\WINDOWS\System32\CRYPT32.dll
0x00007fffedf00000 - 0x00007fffedf2e000 	C:\WINDOWS\SYSTEM32\ncrypt.dll
0x00007fffedec0000 - 0x00007fffedef7000 	C:\WINDOWS\SYSTEM32\NTASN1.dll
0x00007fffedd40000 - 0x00007fffedd5b000 	C:\WINDOWS\SYSTEM32\CRYPTSP.dll
0x00007fffed5d0000 - 0x00007fffed605000 	C:\WINDOWS\system32\rsaenh.dll
0x00007fffedbe0000 - 0x00007fffedc08000 	C:\WINDOWS\SYSTEM32\USERENV.dll
0x00007fffedd60000 - 0x00007fffedd6c000 	C:\WINDOWS\SYSTEM32\CRYPTBASE.dll
0x00007fffe7460000 - 0x00007fffe7479000 	C:\WINDOWS\SYSTEM32\dhcpcsvc6.DLL
0x00007fffe7440000 - 0x00007fffe745f000 	C:\WINDOWS\SYSTEM32\dhcpcsvc.DLL
0x00007fffeb430000 - 0x00007fffeb438000 	C:\WINDOWS\system32\wshunix.dll
0x00007fffd4cc0000 - 0x00007fffd4cd0000 	C:\Users\offic\.p2\pool\plugins\org.eclipse.justj.openjdk.hotspot.jre.full.win32.x86_64_17.0.4.v20220805-1047\jre\bin\verify.dll

dbghelp: loaded successfully - version: 4.0.5 - missing functions: none
symbol engine: initialized successfully - sym options: 0x614 - pdb path: .;C:\Users\offic\.p2\pool\plugins\org.eclipse.justj.openjdk.hotspot.jre.full.win32.x86_64_17.0.4.v20220805-1047\jre\bin;C:\WINDOWS\SYSTEM32;C:\WINDOWS\WinSxS\amd64_microsoft.windows.common-controls_6595b64144ccf1df_6.0.22621.3672_none_2713b9d173822955;C:\Users\offic\.p2\pool\plugins\org.eclipse.justj.openjdk.hotspot.jre.full.win32.x86_64_17.0.4.v20220805-1047\jre\bin\server

VM Arguments:
jvm_args: -Dfile.encoding=UTF-8 -Dstdout.encoding=UTF-8 -Dstderr.encoding=UTF-8 -XX:+ShowCodeDetailsInExceptionMessages 
java_command: com.testng.hdfc.Selectproducttype
java_class_path (initial): C:\Users\offic\eclipse-workspace\HDFC_Banking_Application\target\test-classes;C:\Users\offic\eclipse-workspace\HDFC_Banking_Application\target\classes;C:\Users\offic\.m2\repository\junit\junit\4.11\junit-4.11.jar;C:\Users\offic\.m2\repository\org\hamcrest\hamcrest-core\1.3\hamcrest-core-1.3.jar;C:\Users\offic\.m2\repository\org\seleniumhq\selenium\selenium-java\4.11.0\selenium-java-4.11.0.jar;C:\Users\offic\.m2\repository\org\seleniumhq\selenium\selenium-devtools-v113\4.11.0\selenium-devtools-v113-4.11.0.jar;C:\Users\offic\.m2\repository\org\seleniumhq\selenium\selenium-devtools-v114\4.11.0\selenium-devtools-v114-4.11.0.jar;C:\Users\offic\.m2\repository\org\seleniumhq\selenium\selenium-devtools-v115\4.11.0\selenium-devtools-v115-4.11.0.jar;C:\Users\offic\.m2\repository\org\seleniumhq\selenium\selenium-devtools-v85\4.11.0\selenium-devtools-v85-4.11.0.jar;C:\Users\offic\.m2\repository\org\seleniumhq\selenium\selenium-ie-driver\4.11.0\selenium-ie-driver-4.11.0.jar;C:\Users\offic\.m2\repository\org\seleniumhq\selenium\selenium-manager\4.11.0\selenium-manager-4.11.0.jar;C:\Users\offic\.m2\repository\org\seleniumhq\selenium\selenium-safari-driver\4.11.0\selenium-safari-driver-4.11.0.jar;C:\Users\offic\.m2\repository\org\seleniumhq\selenium\selenium-chrome-driver\4.8.0\selenium-chrome-driver-4.8.0.jar;C:\Users\offic\.m2\repository\com\google\auto\service\auto-service-annotations\1.0.1\auto-service-annotations-1.0.1.jar;C:\Users\offic\.m2\repository\com\google\auto\service\auto-service\1.0.1\auto-service-1.0.1.jar;C:\Users\offic\.m2\repository\com\google\auto\auto-common\1.2\auto-common-1.2.jar;C:\Users\offic\.m2\repository\com\google\guava\guava\31.1-jre\guava-31.1-jre.jar;C:\Users\offic\.m2\repository\com\google\guava\failureaccess\1.0.1\failureaccess-1.0.1.jar;C:\Users\offic\.m2\repository\com\google\guava\listenablefuture\9999.0-empty-to-avoid-conflict-with-guava\listenablefuture-9999.0-empty-to-avoid-conflict-with-guava.jar;C:\Users\offic\.
Launcher Type: SUN_STANDARD

[Global flags]
     intx CICompilerCount                          = 4                                         {product} {ergonomic}
     uint ConcGCThreads                            = 3                                         {product} {ergonomic}
     uint G1ConcRefinementThreads                  = 10                                        {product} {ergonomic}
   size_t G1HeapRegionSize                         = 1048576                                   {product} {ergonomic}
    uintx GCDrainStackTargetSize                   = 64                                        {product} {ergonomic}
   size_t InitialHeapSize                          = 98566144                                  {product} {ergonomic}
   size_t MarkStackSize                            = 4194304                                   {product} {ergonomic}
   size_t MaxHeapSize                              = 1574961152                                {product} {ergonomic}
   size_t MaxNewSize                               = 944766976                                 {product} {ergonomic}
   size_t MinHeapDeltaBytes                        = 1048576                                   {product} {ergonomic}
   size_t MinHeapSize                              = 8388608                                   {product} {ergonomic}
    uintx NonNMethodCodeHeapSize                   = 5839372                                {pd product} {ergonomic}
    uintx NonProfiledCodeHeapSize                  = 122909434                              {pd product} {ergonomic}
    uintx ProfiledCodeHeapSize                     = 122909434                              {pd product} {ergonomic}
    uintx ReservedCodeCacheSize                    = 251658240                              {pd product} {ergonomic}
     bool SegmentedCodeCache                       = true                                      {product} {ergonomic}
     bool ShowCodeDetailsInExceptionMessages       = true                                   {manageable} {command line}
   size_t SoftMaxHeapSize                          = 1574961152                             {manageable} {ergonomic}
     bool UseCompressedClassPointers               = true                           {product lp64_product} {ergonomic}
     bool UseCompressedOops                        = true                           {product lp64_product} {ergonomic}
     bool UseG1GC                                  = true                                      {product} {ergonomic}
     bool UseLargePagesIndividualAllocation        = false                                  {pd product} {ergonomic}

Logging:
Log output configuration:
 #0: stdout all=warning uptime,level,tags
 #1: stderr all=off uptime,level,tags

Environment Variables:
JAVA_HOME=C:\Program Files\Java\jdk-11.0.17
PATH=C:/Users/offic/.p2/pool/plugins/org.eclipse.justj.openjdk.hotspot.jre.full.win32.x86_64_22.0.1.v20240426-1149/jre/bin/server;C:/Users/offic/.p2/pool/plugins/org.eclipse.justj.openjdk.hotspot.jre.full.win32.x86_64_22.0.1.v20240426-1149/jre/bin;C:\WINDOWS\system32;C:\WINDOWS;C:\WINDOWS\System32\Wbem;C:\WINDOWS\System32\WindowsPowerShell\v1.0\;C:\WINDOWS\System32\OpenSSH\;C:\Program Files\Java\jdk-11.0.17\bin;C:\Program Files\Git\cmd;C:\apache-maven-3.8.6-bin\apache-maven-3.8.6\bin;C:\Program Files\nodejs\;C:\Users\offic\AppData\Local\Microsoft\WindowsApps;;C:\Users\offic\AppData\Roaming\npm;C:\Users\offic\AppData\Local\Programs\Microsoft VS Code\bin;C:\WINDOWS\system32;
USERNAME=offic
OS=Windows_NT
PROCESSOR_IDENTIFIER=AMD64 Family 23 Model 104 Stepping 1, AuthenticAMD
TMP=C:\Users\offic\AppData\Local\Temp
TEMP=C:\Users\offic\AppData\Local\Temp



---------------  S Y S T E M  ---------------

OS:
 Windows 11 , 64 bit Build 22621 (10.0.22621.3672)
OS uptime: 2 days 8:36 hours

CPU: total 12 (initial active 12) (12 cores per cpu, 2 threads per core) family 23 model 104 stepping 1 microcode 0x0, cx8, cmov, fxsr, ht, mmx, 3dnowpref, sse, sse2, sse3, ssse3, sse4a, sse4.1, sse4.2, popcnt, lzcnt, tsc, tscinvbit, avx, avx2, aes, clmul, bmi1, bmi2, adx, sha, fma, vzeroupper, clflush, clflushopt

Memory: 4k page, system-wide physical 6005M (351M free)
TotalPageFile size 24437M (AvailPageFile size 14M)
current process WorkingSet (physical memory assigned to process): 124M, peak: 127M
current process commit charge ("private bytes"): 198M, peak: 215M

vm_info: OpenJDK 64-Bit Server VM (17.0.4+8) for windows-amd64 JRE (17.0.4+8), built on Jul 19 2022 16:05:16 by "temurin" with MS VC++ 16.7 (VS2019)

END.
