#
# There is insufficient memory for the Java Runtime Environment to continue.
# Native memory allocation (malloc) failed to allocate 563376 bytes for Chunk::new
# Possible reasons:
#   The system is out of physical RAM or swap space
#   The process is running with CompressedOops enabled, and the Java Heap may be blocking the growth of the native heap
# Possible solutions:
#   Reduce memory load on the system
#   Increase physical memory or swap space
#   Check if swap backing store is full
#   Decrease Java heap size (-Xmx/-Xms)
#   Decrease number of Java threads
#   Decrease Java thread stack sizes (-Xss)
#   Set larger code cache with -XX:ReservedCodeCacheSize=
#   JVM is running with Unscaled Compressed Oops mode in which the Java heap is
#     placed in the first 4GB address space. The Java Heap base address is the
#     maximum limit for the native heap growth. Please use -XX:HeapBaseMinAddress
#     to set the Java Heap base and to place the Java Heap above 4GB virtual address.
# This output file may be truncated or incomplete.
#
#  Out of Memory Error (arena.cpp:189), pid=34000, tid=32384
#
# JRE version: OpenJDK Runtime Environment Temurin-17.0.4+8 (17.0.4+8) (build 17.0.4+8)
# Java VM: OpenJDK 64-Bit Server VM Temurin-17.0.4+8 (17.0.4+8, mixed mode, tiered, compressed oops, compressed class ptrs, g1 gc, windows-amd64)
# No core dump will be written. Minidumps are not enabled by default on client versions of Windows
#

---------------  S U M M A R Y ------------

Command Line: -ea -Dfile.encoding=UTF-8 -Dstdout.encoding=UTF-8 -Dstderr.encoding=UTF-8 -XX:+ShowCodeDetailsInExceptionMessages org.testng.remote.RemoteTestNG -serport 65203 -protocol json -d C:\Users\offic\eclipse-workspace\HDFC_Banking_Application\test-output C:\Users\offic\AppData\Local\Temp\testng-eclipse--824622621\testng-customsuite.xml

Host: AMD Ryzen 5 5500U with Radeon Graphics         , 12 cores, 5G,  Windows 11 , 64 bit Build 22621 (10.0.22621.3672)
Time: Sun Jun 16 11:37:17 2024 India Standard Time elapsed time: 4.143137 seconds (0d 0h 0m 4s)

---------------  T H R E A D  ---------------

Current thread (0x0000028e06834070):  JavaThread "C2 CompilerThread0" daemon [_thread_in_native, id=32384, stack(0x000000e628a00000,0x000000e628b00000)]


Current CompileTask:
C2:   4143 1115 %     4       jdk.internal.loader.URLClassPath::getResource @ 39 (74 bytes)

Stack: [0x000000e628a00000,0x000000e628b00000]
Native frames: (J=compiled Java code, j=interpreted, Vv=VM code, C=native code)
V  [jvm.dll+0x67733a]
V  [jvm.dll+0x8323c4]
V  [jvm.dll+0x833b6e]
V  [jvm.dll+0x8341d3]
V  [jvm.dll+0x2455e5]
V  [jvm.dll+0xabd7b]
V  [jvm.dll+0xac30c]
V  [jvm.dll+0x363a22]
V  [jvm.dll+0x32de81]
V  [jvm.dll+0x32d32a]
V  [jvm.dll+0x2184d1]
V  [jvm.dll+0x2178f1]
V  [jvm.dll+0x1a3f8d]
V  [jvm.dll+0x227308]
V  [jvm.dll+0x225455]
V  [jvm.dll+0x7e7eeb]
V  [jvm.dll+0x7e245a]
V  [jvm.dll+0x6761c5]
C  [ucrtbase.dll+0x29333]
C  [KERNEL32.DLL+0x1257d]
C  [ntdll.dll+0x5aa48]


---------------  P R O C E S S  ---------------

Threads class SMR info:
_java_thread_list=0x0000028e07827d60, length=13, elements={
0x0000028e6ce8e9c0, 0x0000028e05f27bd0, 0x0000028e05f37160, 0x0000028e05f619d0,
0x0000028e05f62390, 0x0000028e0682d020, 0x0000028e068332e0, 0x0000028e06834070,
0x0000028e06835e40, 0x0000028e06848f10, 0x0000028e06ad3170, 0x0000028e06ae4d10,
0x0000028e0782b670
}

Java Threads: ( => current thread )
  0x0000028e6ce8e9c0 JavaThread "main" [_thread_in_vm, id=35504, stack(0x000000e627d00000,0x000000e627e00000)]
  0x0000028e05f27bd0 JavaThread "Reference Handler" daemon [_thread_blocked, id=35152, stack(0x000000e628400000,0x000000e628500000)]
  0x0000028e05f37160 JavaThread "Finalizer" daemon [_thread_blocked, id=21292, stack(0x000000e628500000,0x000000e628600000)]
  0x0000028e05f619d0 JavaThread "Signal Dispatcher" daemon [_thread_blocked, id=24956, stack(0x000000e628600000,0x000000e628700000)]
  0x0000028e05f62390 JavaThread "Attach Listener" daemon [_thread_blocked, id=34756, stack(0x000000e628700000,0x000000e628800000)]
  0x0000028e0682d020 JavaThread "Service Thread" daemon [_thread_blocked, id=7748, stack(0x000000e628800000,0x000000e628900000)]
  0x0000028e068332e0 JavaThread "Monitor Deflation Thread" daemon [_thread_blocked, id=25560, stack(0x000000e628900000,0x000000e628a00000)]
=>0x0000028e06834070 JavaThread "C2 CompilerThread0" daemon [_thread_in_native, id=32384, stack(0x000000e628a00000,0x000000e628b00000)]
  0x0000028e06835e40 JavaThread "C1 CompilerThread0" daemon [_thread_in_vm, id=10076, stack(0x000000e628b00000,0x000000e628c00000)]
  0x0000028e06848f10 JavaThread "Sweeper thread" daemon [_thread_blocked, id=22360, stack(0x000000e628c00000,0x000000e628d00000)]
  0x0000028e06ad3170 JavaThread "Notification Thread" daemon [_thread_blocked, id=28392, stack(0x000000e628d00000,0x000000e628e00000)]
  0x0000028e06ae4d10 JavaThread "Common-Cleaner" daemon [_thread_blocked, id=21728, stack(0x000000e628f00000,0x000000e629000000)]
  0x0000028e0782b670 JavaThread "ReaderThread" [_thread_in_native, id=19500, stack(0x000000e629100000,0x000000e629200000)]

Other Threads:
  0x0000028e05f54020 VMThread "VM Thread" [stack: 0x000000e628300000,0x000000e628400000] [id=34900]
  0x0000028e06ad5860 WatcherThread [stack: 0x000000e628e00000,0x000000e628f00000] [id=7256]
  0x0000028e6cedeb50 GCTaskThread "GC Thread#0" [stack: 0x000000e627e00000,0x000000e627f00000] [id=28100]
  0x0000028e079a4e20 GCTaskThread "GC Thread#1" [stack: 0x000000e629200000,0x000000e629300000] [id=4776]
  0x0000028e072f2de0 GCTaskThread "GC Thread#2" [stack: 0x000000e629300000,0x000000e629400000] [id=9672]
  0x0000028e072f3090 GCTaskThread "GC Thread#3" [stack: 0x000000e629400000,0x000000e629500000] [id=14396]
  0x0000028e6ceeb6c0 ConcurrentGCThread "G1 Main Marker" [stack: 0x000000e627f00000,0x000000e628000000] [id=3308]
  0x0000028e6ceec870 ConcurrentGCThread "G1 Conc#0" [stack: 0x000000e628000000,0x000000e628100000] [id=24716]
  0x0000028e6cf379e0 ConcurrentGCThread "G1 Refine#0" [stack: 0x000000e628100000,0x000000e628200000] [id=32596]
  0x0000028e05da1610 ConcurrentGCThread "G1 Service" [stack: 0x000000e628200000,0x000000e628300000] [id=32628]

Threads with active compile tasks:
C2 CompilerThread0     4212 1115 %     4       jdk.internal.loader.URLClassPath::getResource @ 39 (74 bytes)

VM state: not at safepoint (normal execution)

VM Mutex/Monitor currently owned by a thread: None

Heap address: 0x00000000a2200000, size: 1502 MB, Compressed Oops mode: 32-bit

CDS archive(s) not mapped
Compressed class space mapped at: 0x0000000100000000-0x0000000140000000, reserved size: 1073741824
Narrow klass base: 0x0000000000000000, Narrow klass shift: 3, Narrow klass range: 0x140000000

GC Precious Log:
 CPUs: 12 total, 12 available
 Memory: 6005M
 Large Page Support: Disabled
 NUMA Support: Disabled
 Compressed Oops: Enabled (32-bit)
 Heap Region Size: 1M
 Heap Min Capacity: 8M
 Heap Initial Capacity: 94M
 Heap Max Capacity: 1502M
 Pre-touch: Disabled
 Parallel Workers: 10
 Concurrent Workers: 3
 Concurrent Refinement Workers: 10
 Periodic GC: Disabled

Heap:
 garbage-first heap   total 96256K, used 22474K [0x00000000a2200000, 0x0000000100000000)
  region size 1024K, 14 young (14336K), 3 survivors (3072K)
 Metaspace       used 13775K, committed 13952K, reserved 1064960K
  class space    used 1370K, committed 1472K, reserved 1048576K

Heap Regions: E=young(eden), S=young(survivor), O=old, HS=humongous(starts), HC=humongous(continues), CS=collection set, F=free, OA=open archive, CA=closed archive, TAMS=top-at-mark-start (previous, next)
|   0|0x00000000a2200000, 0x00000000a2300000, 0x00000000a2300000|100%|HS|  |TAMS 0x00000000a2200000, 0x00000000a2200000| Complete 
|   1|0x00000000a2300000, 0x00000000a2300000, 0x00000000a2400000|  0%| F|  |TAMS 0x00000000a2300000, 0x00000000a2300000| Untracked 
|   2|0x00000000a2400000, 0x00000000a2500000, 0x00000000a2500000|100%| O|  |TAMS 0x00000000a2400000, 0x00000000a2400000| Untracked 
|   3|0x00000000a2500000, 0x00000000a2600000, 0x00000000a2600000|100%| O|  |TAMS 0x00000000a2500000, 0x00000000a2500000| Untracked 
|   4|0x00000000a2600000, 0x00000000a2700000, 0x00000000a2700000|100%| O|  |TAMS 0x00000000a2600000, 0x00000000a2600000| Untracked 
|   5|0x00000000a2700000, 0x00000000a2800000, 0x00000000a2800000|100%| O|  |TAMS 0x00000000a2700000, 0x00000000a2700000| Untracked 
|   6|0x00000000a2800000, 0x00000000a2900000, 0x00000000a2900000|100%| O|  |TAMS 0x00000000a2800000, 0x00000000a2800000| Untracked 
|   7|0x00000000a2900000, 0x00000000a2a00000, 0x00000000a2a00000|100%| O|  |TAMS 0x00000000a2900000, 0x00000000a2900000| Untracked 
|   8|0x00000000a2a00000, 0x00000000a2b00000, 0x00000000a2b00000|100%| O|  |TAMS 0x00000000a2a00000, 0x00000000a2a00000| Untracked 
|   9|0x00000000a2b00000, 0x00000000a2bf2a00, 0x00000000a2c00000| 94%| O|  |TAMS 0x00000000a2b00000, 0x00000000a2b00000| Untracked 
|  10|0x00000000a2c00000, 0x00000000a2c00000, 0x00000000a2d00000|  0%| F|  |TAMS 0x00000000a2c00000, 0x00000000a2c00000| Untracked 
|  11|0x00000000a2d00000, 0x00000000a2d00000, 0x00000000a2e00000|  0%| F|  |TAMS 0x00000000a2d00000, 0x00000000a2d00000| Untracked 
|  12|0x00000000a2e00000, 0x00000000a2e00000, 0x00000000a2f00000|  0%| F|  |TAMS 0x00000000a2e00000, 0x00000000a2e00000| Untracked 
|  13|0x00000000a2f00000, 0x00000000a2f00000, 0x00000000a3000000|  0%| F|  |TAMS 0x00000000a2f00000, 0x00000000a2f00000| Untracked 
|  14|0x00000000a3000000, 0x00000000a3000000, 0x00000000a3100000|  0%| F|  |TAMS 0x00000000a3000000, 0x00000000a3000000| Untracked 
|  15|0x00000000a3100000, 0x00000000a3100000, 0x00000000a3200000|  0%| F|  |TAMS 0x00000000a3100000, 0x00000000a3100000| Untracked 
|  16|0x00000000a3200000, 0x00000000a3200000, 0x00000000a3300000|  0%| F|  |TAMS 0x00000000a3200000, 0x00000000a3200000| Untracked 
|  17|0x00000000a3300000, 0x00000000a3300000, 0x00000000a3400000|  0%| F|  |TAMS 0x00000000a3300000, 0x00000000a3300000| Untracked 
|  18|0x00000000a3400000, 0x00000000a3400000, 0x00000000a3500000|  0%| F|  |TAMS 0x00000000a3400000, 0x00000000a3400000| Untracked 
|  19|0x00000000a3500000, 0x00000000a3500000, 0x00000000a3600000|  0%| F|  |TAMS 0x00000000a3500000, 0x00000000a3500000| Untracked 
|  20|0x00000000a3600000, 0x00000000a3600000, 0x00000000a3700000|  0%| F|  |TAMS 0x00000000a3600000, 0x00000000a3600000| Untracked 
|  21|0x00000000a3700000, 0x00000000a3700000, 0x00000000a3800000|  0%| F|  |TAMS 0x00000000a3700000, 0x00000000a3700000| Untracked 
|  22|0x00000000a3800000, 0x00000000a3800000, 0x00000000a3900000|  0%| F|  |TAMS 0x00000000a3800000, 0x00000000a3800000| Untracked 
|  23|0x00000000a3900000, 0x00000000a3900000, 0x00000000a3a00000|  0%| F|  |TAMS 0x00000000a3900000, 0x00000000a3900000| Untracked 
|  24|0x00000000a3a00000, 0x00000000a3a00000, 0x00000000a3b00000|  0%| F|  |TAMS 0x00000000a3a00000, 0x00000000a3a00000| Untracked 
|  25|0x00000000a3b00000, 0x00000000a3b00000, 0x00000000a3c00000|  0%| F|  |TAMS 0x00000000a3b00000, 0x00000000a3b00000| Untracked 
|  26|0x00000000a3c00000, 0x00000000a3c00000, 0x00000000a3d00000|  0%| F|  |TAMS 0x00000000a3c00000, 0x00000000a3c00000| Untracked 
|  27|0x00000000a3d00000, 0x00000000a3d00000, 0x00000000a3e00000|  0%| F|  |TAMS 0x00000000a3d00000, 0x00000000a3d00000| Untracked 
|  28|0x00000000a3e00000, 0x00000000a3e00000, 0x00000000a3f00000|  0%| F|  |TAMS 0x00000000a3e00000, 0x00000000a3e00000| Untracked 
|  29|0x00000000a3f00000, 0x00000000a3f00000, 0x00000000a4000000|  0%| F|  |TAMS 0x00000000a3f00000, 0x00000000a3f00000| Untracked 
|  30|0x00000000a4000000, 0x00000000a4000000, 0x00000000a4100000|  0%| F|  |TAMS 0x00000000a4000000, 0x00000000a4000000| Untracked 
|  31|0x00000000a4100000, 0x00000000a4100000, 0x00000000a4200000|  0%| F|  |TAMS 0x00000000a4100000, 0x00000000a4100000| Untracked 
|  32|0x00000000a4200000, 0x00000000a4200000, 0x00000000a4300000|  0%| F|  |TAMS 0x00000000a4200000, 0x00000000a4200000| Untracked 
|  33|0x00000000a4300000, 0x00000000a4300000, 0x00000000a4400000|  0%| F|  |TAMS 0x00000000a4300000, 0x00000000a4300000| Untracked 
|  34|0x00000000a4400000, 0x00000000a4400000, 0x00000000a4500000|  0%| F|  |TAMS 0x00000000a4400000, 0x00000000a4400000| Untracked 
|  35|0x00000000a4500000, 0x00000000a4500000, 0x00000000a4600000|  0%| F|  |TAMS 0x00000000a4500000, 0x00000000a4500000| Untracked 
|  36|0x00000000a4600000, 0x00000000a4600000, 0x00000000a4700000|  0%| F|  |TAMS 0x00000000a4600000, 0x00000000a4600000| Untracked 
|  37|0x00000000a4700000, 0x00000000a4700000, 0x00000000a4800000|  0%| F|  |TAMS 0x00000000a4700000, 0x00000000a4700000| Untracked 
|  38|0x00000000a4800000, 0x00000000a4800000, 0x00000000a4900000|  0%| F|  |TAMS 0x00000000a4800000, 0x00000000a4800000| Untracked 
|  39|0x00000000a4900000, 0x00000000a4900000, 0x00000000a4a00000|  0%| F|  |TAMS 0x00000000a4900000, 0x00000000a4900000| Untracked 
|  40|0x00000000a4a00000, 0x00000000a4a00000, 0x00000000a4b00000|  0%| F|  |TAMS 0x00000000a4a00000, 0x00000000a4a00000| Untracked 
|  41|0x00000000a4b00000, 0x00000000a4b00000, 0x00000000a4c00000|  0%| F|  |TAMS 0x00000000a4b00000, 0x00000000a4b00000| Untracked 
|  42|0x00000000a4c00000, 0x00000000a4c00000, 0x00000000a4d00000|  0%| F|  |TAMS 0x00000000a4c00000, 0x00000000a4c00000| Untracked 
|  43|0x00000000a4d00000, 0x00000000a4d00000, 0x00000000a4e00000|  0%| F|  |TAMS 0x00000000a4d00000, 0x00000000a4d00000| Untracked 
|  44|0x00000000a4e00000, 0x00000000a4e00000, 0x00000000a4f00000|  0%| F|  |TAMS 0x00000000a4e00000, 0x00000000a4e00000| Untracked 
|  45|0x00000000a4f00000, 0x00000000a4f00000, 0x00000000a5000000|  0%| F|  |TAMS 0x00000000a4f00000, 0x00000000a4f00000| Untracked 
|  46|0x00000000a5000000, 0x00000000a5000000, 0x00000000a5100000|  0%| F|  |TAMS 0x00000000a5000000, 0x00000000a5000000| Untracked 
|  47|0x00000000a5100000, 0x00000000a5100000, 0x00000000a5200000|  0%| F|  |TAMS 0x00000000a5100000, 0x00000000a5100000| Untracked 
|  48|0x00000000a5200000, 0x00000000a5200000, 0x00000000a5300000|  0%| F|  |TAMS 0x00000000a5200000, 0x00000000a5200000| Untracked 
|  49|0x00000000a5300000, 0x00000000a5300000, 0x00000000a5400000|  0%| F|  |TAMS 0x00000000a5300000, 0x00000000a5300000| Untracked 
|  50|0x00000000a5400000, 0x00000000a5400000, 0x00000000a5500000|  0%| F|  |TAMS 0x00000000a5400000, 0x00000000a5400000| Untracked 
|  51|0x00000000a5500000, 0x00000000a5500000, 0x00000000a5600000|  0%| F|  |TAMS 0x00000000a5500000, 0x00000000a5500000| Untracked 
|  52|0x00000000a5600000, 0x00000000a5600000, 0x00000000a5700000|  0%| F|  |TAMS 0x00000000a5600000, 0x00000000a5600000| Untracked 
|  53|0x00000000a5700000, 0x00000000a5700000, 0x00000000a5800000|  0%| F|  |TAMS 0x00000000a5700000, 0x00000000a5700000| Untracked 
|  54|0x00000000a5800000, 0x00000000a5800000, 0x00000000a5900000|  0%| F|  |TAMS 0x00000000a5800000, 0x00000000a5800000| Untracked 
|  55|0x00000000a5900000, 0x00000000a5900000, 0x00000000a5a00000|  0%| F|  |TAMS 0x00000000a5900000, 0x00000000a5900000| Untracked 
|  56|0x00000000a5a00000, 0x00000000a5a00000, 0x00000000a5b00000|  0%| F|  |TAMS 0x00000000a5a00000, 0x00000000a5a00000| Untracked 
|  57|0x00000000a5b00000, 0x00000000a5b00000, 0x00000000a5c00000|  0%| F|  |TAMS 0x00000000a5b00000, 0x00000000a5b00000| Untracked 
|  58|0x00000000a5c00000, 0x00000000a5c00000, 0x00000000a5d00000|  0%| F|  |TAMS 0x00000000a5c00000, 0x00000000a5c00000| Untracked 
|  59|0x00000000a5d00000, 0x00000000a5d00000, 0x00000000a5e00000|  0%| F|  |TAMS 0x00000000a5d00000, 0x00000000a5d00000| Untracked 
|  60|0x00000000a5e00000, 0x00000000a5e00000, 0x00000000a5f00000|  0%| F|  |TAMS 0x00000000a5e00000, 0x00000000a5e00000| Untracked 
|  61|0x00000000a5f00000, 0x00000000a5f00000, 0x00000000a6000000|  0%| F|  |TAMS 0x00000000a5f00000, 0x00000000a5f00000| Untracked 
|  62|0x00000000a6000000, 0x00000000a6000000, 0x00000000a6100000|  0%| F|  |TAMS 0x00000000a6000000, 0x00000000a6000000| Untracked 
|  63|0x00000000a6100000, 0x00000000a6100000, 0x00000000a6200000|  0%| F|  |TAMS 0x00000000a6100000, 0x00000000a6100000| Untracked 
|  64|0x00000000a6200000, 0x00000000a6200000, 0x00000000a6300000|  0%| F|  |TAMS 0x00000000a6200000, 0x00000000a6200000| Untracked 
|  65|0x00000000a6300000, 0x00000000a6300000, 0x00000000a6400000|  0%| F|  |TAMS 0x00000000a6300000, 0x00000000a6300000| Untracked 
|  66|0x00000000a6400000, 0x00000000a6400000, 0x00000000a6500000|  0%| F|  |TAMS 0x00000000a6400000, 0x00000000a6400000| Untracked 
|  67|0x00000000a6500000, 0x00000000a6500000, 0x00000000a6600000|  0%| F|  |TAMS 0x00000000a6500000, 0x00000000a6500000| Untracked 
|  68|0x00000000a6600000, 0x00000000a6700000, 0x00000000a6700000|100%| S|CS|TAMS 0x00000000a6600000, 0x00000000a6600000| Complete 
|  69|0x00000000a6700000, 0x00000000a6800000, 0x00000000a6800000|100%| S|CS|TAMS 0x00000000a6700000, 0x00000000a6700000| Complete 
|  70|0x00000000a6800000, 0x00000000a6900000, 0x00000000a6900000|100%| S|CS|TAMS 0x00000000a6800000, 0x00000000a6800000| Complete 
|  71|0x00000000a6900000, 0x00000000a6900000, 0x00000000a6a00000|  0%| F|  |TAMS 0x00000000a6900000, 0x00000000a6900000| Untracked 
|  72|0x00000000a6a00000, 0x00000000a6a00000, 0x00000000a6b00000|  0%| F|  |TAMS 0x00000000a6a00000, 0x00000000a6a00000| Untracked 
|  73|0x00000000a6b00000, 0x00000000a6b00000, 0x00000000a6c00000|  0%| F|  |TAMS 0x00000000a6b00000, 0x00000000a6b00000| Untracked 
|  74|0x00000000a6c00000, 0x00000000a6c00000, 0x00000000a6d00000|  0%| F|  |TAMS 0x00000000a6c00000, 0x00000000a6c00000| Untracked 
|  75|0x00000000a6d00000, 0x00000000a6d00000, 0x00000000a6e00000|  0%| F|  |TAMS 0x00000000a6d00000, 0x00000000a6d00000| Untracked 
|  76|0x00000000a6e00000, 0x00000000a6e00000, 0x00000000a6f00000|  0%| F|  |TAMS 0x00000000a6e00000, 0x00000000a6e00000| Untracked 
|  77|0x00000000a6f00000, 0x00000000a6f00000, 0x00000000a7000000|  0%| F|  |TAMS 0x00000000a6f00000, 0x00000000a6f00000| Untracked 
|  78|0x00000000a7000000, 0x00000000a7000000, 0x00000000a7100000|  0%| F|  |TAMS 0x00000000a7000000, 0x00000000a7000000| Untracked 
|  79|0x00000000a7100000, 0x00000000a7100000, 0x00000000a7200000|  0%| F|  |TAMS 0x00000000a7100000, 0x00000000a7100000| Untracked 
|  80|0x00000000a7200000, 0x00000000a7200000, 0x00000000a7300000|  0%| F|  |TAMS 0x00000000a7200000, 0x00000000a7200000| Untracked 
|  81|0x00000000a7300000, 0x00000000a7300000, 0x00000000a7400000|  0%| F|  |TAMS 0x00000000a7300000, 0x00000000a7300000| Untracked 
|  82|0x00000000a7400000, 0x00000000a7400000, 0x00000000a7500000|  0%| F|  |TAMS 0x00000000a7400000, 0x00000000a7400000| Untracked 
|  83|0x00000000a7500000, 0x00000000a7566f28, 0x00000000a7600000| 40%| E|  |TAMS 0x00000000a7500000, 0x00000000a7500000| Complete 
|  84|0x00000000a7600000, 0x00000000a7700000, 0x00000000a7700000|100%| E|CS|TAMS 0x00000000a7600000, 0x00000000a7600000| Complete 
|  85|0x00000000a7700000, 0x00000000a7800000, 0x00000000a7800000|100%| E|CS|TAMS 0x00000000a7700000, 0x00000000a7700000| Complete 
|  86|0x00000000a7800000, 0x00000000a7900000, 0x00000000a7900000|100%| E|CS|TAMS 0x00000000a7800000, 0x00000000a7800000| Complete 
|  87|0x00000000a7900000, 0x00000000a7a00000, 0x00000000a7a00000|100%| E|CS|TAMS 0x00000000a7900000, 0x00000000a7900000| Complete 
|  88|0x00000000a7a00000, 0x00000000a7b00000, 0x00000000a7b00000|100%| E|CS|TAMS 0x00000000a7a00000, 0x00000000a7a00000| Complete 
|  89|0x00000000a7b00000, 0x00000000a7c00000, 0x00000000a7c00000|100%| E|CS|TAMS 0x00000000a7b00000, 0x00000000a7b00000| Complete 
|  90|0x00000000a7c00000, 0x00000000a7d00000, 0x00000000a7d00000|100%| E|CS|TAMS 0x00000000a7c00000, 0x00000000a7c00000| Complete 
|  91|0x00000000a7d00000, 0x00000000a7e00000, 0x00000000a7e00000|100%| E|CS|TAMS 0x00000000a7d00000, 0x00000000a7d00000| Complete 
|  92|0x00000000a7e00000, 0x00000000a7f00000, 0x00000000a7f00000|100%| E|CS|TAMS 0x00000000a7e00000, 0x00000000a7e00000| Complete 
|  93|0x00000000a7f00000, 0x00000000a8000000, 0x00000000a8000000|100%| E|CS|TAMS 0x00000000a7f00000, 0x00000000a7f00000| Complete 

Card table byte_map: [0x0000028e00000000,0x0000028e002f0000] _byte_map_base: 0x0000028dffaef000

Marking Bits (Prev, Next): (CMBitMap*) 0x0000028e6cedf160, (CMBitMap*) 0x0000028e6cedf1a0
 Prev Bits: [0x0000028e005e0000, 0x0000028e01d58000)
 Next Bits: [0x0000028e01d60000, 0x0000028e034d8000)

Polling page: 0x0000028e6ae40000

Metaspace:

Usage:
  Non-class:     12.12 MB used.
      Class:      1.34 MB used.
       Both:     13.46 MB used.

Virtual space:
  Non-class space:       16.00 MB reserved,      12.19 MB ( 76%) committed,  2 nodes.
      Class space:        1.00 GB reserved,       1.44 MB ( <1%) committed,  1 nodes.
             Both:        1.02 GB reserved,      13.62 MB (  1%) committed. 

Chunk freelists:
   Non-Class:  3.83 MB
       Class:  2.51 MB
        Both:  6.33 MB

MaxMetaspaceSize: unlimited
CompressedClassSpaceSize: 1.00 GB
Initial GC threshold: 21.00 MB
Current GC threshold: 21.00 MB
CDS: off
MetaspaceReclaimPolicy: balanced
 - commit_granule_bytes: 65536.
 - commit_granule_words: 8192.
 - virtual_space_node_default_size: 1048576.
 - enlarge_chunks_in_place: 1.
 - new_chunks_are_fully_committed: 0.
 - uncommit_free_chunks: 1.
 - use_allocation_guard: 0.
 - handle_deallocations: 1.


Internal statistics:

num_allocs_failed_limit: 0.
num_arena_births: 146.
num_arena_deaths: 0.
num_vsnodes_births: 3.
num_vsnodes_deaths: 0.
num_space_committed: 218.
num_space_uncommitted: 0.
num_chunks_returned_to_freelist: 0.
num_chunks_taken_from_freelist: 334.
num_chunk_merges: 0.
num_chunk_splits: 204.
num_chunks_enlarged: 148.
num_purges: 0.
num_inconsistent_stats: 0.

CodeHeap 'non-profiled nmethods': size=120000Kb used=458Kb max_used=458Kb free=119541Kb
 bounds [0x0000028e78000000, 0x0000028e78270000, 0x0000028e7f530000]
CodeHeap 'profiled nmethods': size=120000Kb used=2356Kb max_used=2356Kb free=117644Kb
 bounds [0x0000028e70ad0000, 0x0000028e70d40000, 0x0000028e78000000]
CodeHeap 'non-nmethods': size=5760Kb used=1154Kb max_used=1178Kb free=4605Kb
 bounds [0x0000028e70530000, 0x0000028e707a0000, 0x0000028e70ad0000]
 total_blobs=1657 nmethods=1213 adapters=357
 compilation: enabled
              stopped_count=0, restarted_count=0
 full_count=0

Compilation events (20 events):
Event: 4.109 Thread 0x0000028e06835e40 1132       3       jdk.internal.org.objectweb.asm.ByteVector::enlarge (51 bytes)
Event: 4.110 Thread 0x0000028e06835e40 nmethod 1132 0x0000028e70cefc10 code [0x0000028e70cefdc0, 0x0000028e70cf00c8]
Event: 4.110 Thread 0x0000028e06835e40 1133       3       sun.invoke.util.BytecodeDescriptor::unparseSig (49 bytes)
Event: 4.110 Thread 0x0000028e06835e40 nmethod 1133 0x0000028e70cf0210 code [0x0000028e70cf0440, 0x0000028e70cf0968]
Event: 4.110 Thread 0x0000028e06835e40 1134       3       java.lang.invoke.LambdaForm::useCount (61 bytes)
Event: 4.111 Thread 0x0000028e06835e40 nmethod 1134 0x0000028e70cf0b90 code [0x0000028e70cf0d60, 0x0000028e70cf10c8]
Event: 4.111 Thread 0x0000028e06835e40 1136       3       jdk.internal.org.objectweb.asm.Attribute::computeAttributesSize (62 bytes)
Event: 4.111 Thread 0x0000028e06835e40 nmethod 1136 0x0000028e70cf1290 code [0x0000028e70cf1460, 0x0000028e70cf1788]
Event: 4.111 Thread 0x0000028e06835e40 1135       3       java.lang.invoke.InvokerBytecodeGenerator::storeInsnOpcode (98 bytes)
Event: 4.112 Thread 0x0000028e06835e40 nmethod 1135 0x0000028e70cf1910 code [0x0000028e70cf1b80, 0x0000028e70cf2578]
Event: 4.112 Thread 0x0000028e06835e40 1137       3       jdk.internal.org.objectweb.asm.AnnotationWriter::computeAnnotationsSize (66 bytes)
Event: 4.112 Thread 0x0000028e06835e40 nmethod 1137 0x0000028e70cf2890 code [0x0000028e70cf2a60, 0x0000028e70cf2d98]
Event: 4.112 Thread 0x0000028e06835e40 1138       3       jdk.internal.org.objectweb.asm.Attribute::putAttributes (78 bytes)
Event: 4.112 Thread 0x0000028e06835e40 nmethod 1138 0x0000028e70cf2f90 code [0x0000028e70cf31e0, 0x0000028e70cf3718]
Event: 4.119 Thread 0x0000028e06835e40 1141       3       java.lang.invoke.TypeConvertingMethodAdapter::descriptorToName (36 bytes)
Event: 4.120 Thread 0x0000028e06835e40 nmethod 1141 0x0000028e70cf3a10 code [0x0000028e70cf3ca0, 0x0000028e70cf4848]
Event: 4.139 Thread 0x0000028e06835e40 1143       3       java.util.Arrays::copyOf (10 bytes)
Event: 4.139 Thread 0x0000028e06835e40 nmethod 1143 0x0000028e70cf4d10 code [0x0000028e70cf4ec0, 0x0000028e70cf5008]
Event: 4.139 Thread 0x0000028e06835e40 1144       3       java.lang.invoke.LambdaForm$Name::internArguments (62 bytes)
Event: 4.140 Thread 0x0000028e06835e40 nmethod 1144 0x0000028e70cf5110 code [0x0000028e70cf5300, 0x0000028e70cf59c8]

GC Heap History (2 events):
Event: 3.308 GC heap before
{Heap before GC invocations=0 (full 0):
 garbage-first heap   total 96256K, used 24576K [0x00000000a2200000, 0x0000000100000000)
  region size 1024K, 23 young (23552K), 0 survivors (0K)
 Metaspace       used 10096K, committed 10304K, reserved 1064960K
  class space    used 926K, committed 1024K, reserved 1048576K
}
Event: 3.356 GC heap after
{Heap after GC invocations=1 (full 0):
 garbage-first heap   total 96256K, used 12234K [0x00000000a2200000, 0x0000000100000000)
  region size 1024K, 3 young (3072K), 3 survivors (3072K)
 Metaspace       used 10096K, committed 10304K, reserved 1064960K
  class space    used 926K, committed 1024K, reserved 1048576K
}

Deoptimization events (20 events):
Event: 3.094 Thread 0x0000028e6ce8e9c0 DEOPT PACKING pc=0x0000028e78043370 sp=0x000000e627dfeab0
Event: 3.094 Thread 0x0000028e6ce8e9c0 DEOPT UNPACKING pc=0x0000028e705823a3 sp=0x000000e627dfea78 mode 2
Event: 3.219 Thread 0x0000028e6ce8e9c0 DEOPT PACKING pc=0x0000028e70adf1fe sp=0x000000e627dfc290
Event: 3.220 Thread 0x0000028e6ce8e9c0 DEOPT UNPACKING pc=0x0000028e70582b43 sp=0x000000e627dfb700 mode 0
Event: 3.527 Thread 0x0000028e6ce8e9c0 Uncommon trap: trap_request=0xffffff45 fr.pc=0x0000028e78051cdc relative=0x00000000000004bc
Event: 3.527 Thread 0x0000028e6ce8e9c0 Uncommon trap: reason=unstable_if action=reinterpret pc=0x0000028e78051cdc method=java.lang.StringLatin1.newString([BII)Ljava/lang/String; @ 1 c2
Event: 3.527 Thread 0x0000028e6ce8e9c0 DEOPT PACKING pc=0x0000028e78051cdc sp=0x000000e627dfcf90
Event: 3.527 Thread 0x0000028e6ce8e9c0 DEOPT UNPACKING pc=0x0000028e705823a3 sp=0x000000e627dfcef0 mode 2
Event: 3.633 Thread 0x0000028e6ce8e9c0 DEOPT PACKING pc=0x0000028e70b329e4 sp=0x000000e627dfe130
Event: 3.633 Thread 0x0000028e6ce8e9c0 DEOPT UNPACKING pc=0x0000028e70582b43 sp=0x000000e627dfd5f8 mode 0
Event: 3.824 Thread 0x0000028e6ce8e9c0 Uncommon trap: trap_request=0xffffff45 fr.pc=0x0000028e78056c40 relative=0x0000000000001a40
Event: 3.824 Thread 0x0000028e6ce8e9c0 Uncommon trap: reason=unstable_if action=reinterpret pc=0x0000028e78056c40 method=java.io.WinNTFileSystem.normalize(Ljava/lang/String;)Ljava/lang/String; @ 128 c2
Event: 3.824 Thread 0x0000028e6ce8e9c0 DEOPT PACKING pc=0x0000028e78056c40 sp=0x000000e627dfcf90
Event: 3.824 Thread 0x0000028e6ce8e9c0 DEOPT UNPACKING pc=0x0000028e705823a3 sp=0x000000e627dfcf78 mode 2
Event: 3.872 Thread 0x0000028e6ce8e9c0 DEOPT PACKING pc=0x0000028e70cc2d08 sp=0x000000e627dfcf20
Event: 3.872 Thread 0x0000028e6ce8e9c0 DEOPT UNPACKING pc=0x0000028e70582b43 sp=0x000000e627dfc428 mode 0
Event: 3.919 Thread 0x0000028e6ce8e9c0 Uncommon trap: trap_request=0xffffff45 fr.pc=0x0000028e78062474 relative=0x0000000000000074
Event: 3.919 Thread 0x0000028e6ce8e9c0 Uncommon trap: reason=unstable_if action=reinterpret pc=0x0000028e78062474 method=jdk.internal.misc.Unsafe.convEndian(ZI)I @ 4 c2
Event: 3.919 Thread 0x0000028e6ce8e9c0 DEOPT PACKING pc=0x0000028e78062474 sp=0x000000e627dfce10
Event: 3.919 Thread 0x0000028e6ce8e9c0 DEOPT UNPACKING pc=0x0000028e705823a3 sp=0x000000e627dfcd40 mode 2

Classes unloaded (0 events):
No events

Classes redefined (0 events):
No events

Internal exceptions (15 events):
Event: 2.780 Thread 0x0000028e6ce8e9c0 Exception <a 'java/lang/NoSuchMethodError'{0x00000000a6d8a0b0}: 'java.lang.Object java.lang.invoke.DirectMethodHandle$Holder.invokeVirtual(java.lang.Object, java.lang.Object, java.lang.Object)'> (0x00000000a6d8a0b0) 
thrown [s\src\hotspot\share\interpreter\linkResolver.cpp, line 759]
Event: 2.831 Thread 0x0000028e6ce8e9c0 Exception <a 'java/lang/NoSuchMethodError'{0x00000000a6c37e00}: 'int java.lang.invoke.DirectMethodHandle$Holder.invokeStaticInit(java.lang.Object, java.lang.Object)'> (0x00000000a6c37e00) 
thrown [s\src\hotspot\share\interpreter\linkResolver.cpp, line 759]
Event: 2.872 Thread 0x0000028e6ce8e9c0 Exception <a 'java/lang/NoSuchMethodError'{0x00000000a6b1cae8}: 'void java.lang.invoke.DirectMethodHandle$Holder.invokeSpecial(java.lang.Object, java.lang.Object, java.lang.Object)'> (0x00000000a6b1cae8) 
thrown [s\src\hotspot\share\interpreter\linkResolver.cpp, line 759]
Event: 2.874 Thread 0x0000028e6ce8e9c0 Exception <a 'java/lang/NoSuchMethodError'{0x00000000a6b233b0}: 'void java.lang.invoke.DirectMethodHandle$Holder.invokeVirtual(java.lang.Object, java.lang.Object, int)'> (0x00000000a6b233b0) 
thrown [s\src\hotspot\share\interpreter\linkResolver.cpp, line 759]
Event: 3.014 Thread 0x0000028e6ce8e9c0 Exception <a 'java/lang/NoSuchMethodError'{0x00000000a6b8f058}: 'java.lang.Object java.lang.invoke.DirectMethodHandle$Holder.invokeStaticInit(java.lang.Object)'> (0x00000000a6b8f058) 
thrown [s\src\hotspot\share\interpreter\linkResolver.cpp, line 759]
Event: 3.090 Thread 0x0000028e6ce8e9c0 Exception <a 'java/lang/NoSuchMethodError'{0x00000000a6baa460}: 'void java.lang.invoke.DirectMethodHandle$Holder.invokeStatic(java.lang.Object, java.lang.Object)'> (0x00000000a6baa460) 
thrown [s\src\hotspot\share\interpreter\linkResolver.cpp, line 759]
Event: 3.468 Thread 0x0000028e6ce8e9c0 Exception <a 'java/lang/NoSuchMethodError'{0x00000000a7e7b558}: 'java.lang.Object java.lang.invoke.DirectMethodHandle$Holder.invokeInterface(java.lang.Object, java.lang.Object)'> (0x00000000a7e7b558) 
thrown [s\src\hotspot\share\interpreter\linkResolver.cpp, line 759]
Event: 3.729 Thread 0x0000028e6ce8e9c0 Exception <a 'java/lang/NoSuchMethodError'{0x00000000a7dc4558}: 'java.lang.Object java.lang.invoke.DirectMethodHandle$Holder.invokeStaticInit(java.lang.Object, int, int, int, int)'> (0x00000000a7dc4558) 
thrown [s\src\hotspot\share\interpreter\linkResolver.cpp, line 759]
Event: 3.839 Thread 0x0000028e6ce8e9c0 Exception <a 'java/lang/NoSuchMethodError'{0x00000000a7c9b488}: 'java.lang.Object java.lang.invoke.DirectMethodHandle$Holder.invokeStaticInit(java.lang.Object, java.lang.Object, int, int, int, int)'> (0x00000000a7c9b488) 
thrown [s\src\hotspot\share\interpreter\linkResolver.cpp, line 759]
Event: 4.047 Thread 0x0000028e6ce8e9c0 Exception <a 'java/lang/NoSuchMethodError'{0x00000000a79b8f10}: 'void java.lang.invoke.DirectMethodHandle$Holder.invokeStatic(java.lang.Object, java.lang.Object, java.lang.Object, java.lang.Object)'> (0x00000000a79b8f10) 
thrown [s\src\hotspot\share\interpreter\linkResolver.cpp, line 759]
Event: 4.063 Thread 0x0000028e6ce8e9c0 Exception <a 'java/lang/NoSuchMethodError'{0x00000000a782e880}: 'int java.lang.invoke.DirectMethodHandle$Holder.invokeInterface(java.lang.Object, java.lang.Object)'> (0x00000000a782e880) 
thrown [s\src\hotspot\share\interpreter\linkResolver.cpp, line 759]
Event: 4.066 Thread 0x0000028e6ce8e9c0 Exception <a 'java/lang/NoSuchMethodError'{0x00000000a7838a78}: 'java.lang.Object java.lang.invoke.Invokers$Holder.invokeExact_MT(java.lang.Object, java.lang.Object, java.lang.Object, java.lang.Object, java.lang.Object, java.lang.Object)'> (0x00000000a7838a78) 
thrown [s\src\hotspot\share\interpreter\linkResolver.cpp, line 759]
Event: 4.080 Thread 0x0000028e6ce8e9c0 Exception <a 'java/lang/NoSuchMethodError'{0x00000000a7871388}: 'int java.lang.invoke.DirectMethodHandle$Holder.invokeVirtual(java.lang.Object, java.lang.Object)'> (0x00000000a7871388) 
thrown [s\src\hotspot\share\interpreter\linkResolver.cpp, line 759]
Event: 4.111 Thread 0x0000028e6ce8e9c0 Exception <a 'java/lang/NoSuchMethodError'{0x00000000a7717878}: 'java.lang.Object java.lang.invoke.DirectMethodHandle$Holder.invokeSpecial(java.lang.Object, java.lang.Object, java.lang.Object, int, java.lang.Object)'> (0x00000000a7717878) 
thrown [s\src\hotspot\share\interpreter\linkResolver.cpp, line 759]
Event: 4.120 Thread 0x0000028e6ce8e9c0 Exception <a 'java/lang/NoSuchMethodError'{0x00000000a7736958}: 'int java.lang.invoke.DirectMethodHandle$Holder.invokeStaticInit(java.lang.Object, java.lang.Object, java.lang.Object)'> (0x00000000a7736958) 
thrown [s\src\hotspot\share\interpreter\linkResolver.cpp, line 759]

VM Operations (20 events):
Event: 1.290 Executing VM operation: Cleanup
Event: 1.290 Executing VM operation: Cleanup done
Event: 2.297 Executing VM operation: Cleanup
Event: 2.297 Executing VM operation: Cleanup done
Event: 2.687 Executing VM operation: HandshakeAllThreads
Event: 2.687 Executing VM operation: HandshakeAllThreads done
Event: 2.753 Executing VM operation: HandshakeAllThreads
Event: 2.753 Executing VM operation: HandshakeAllThreads done
Event: 3.043 Executing VM operation: HandshakeAllThreads
Event: 3.043 Executing VM operation: HandshakeAllThreads done
Event: 3.306 Executing VM operation: G1CollectForAllocation
Event: 3.357 Executing VM operation: G1CollectForAllocation done
Event: 3.630 Executing VM operation: HandshakeAllThreads
Event: 3.630 Executing VM operation: HandshakeAllThreads done
Event: 3.639 Executing VM operation: HandshakeAllThreads
Event: 3.639 Executing VM operation: HandshakeAllThreads done
Event: 3.846 Executing VM operation: HandshakeAllThreads
Event: 3.846 Executing VM operation: HandshakeAllThreads done
Event: 3.846 Executing VM operation: HandshakeAllThreads
Event: 3.846 Executing VM operation: HandshakeAllThreads done

Events (20 events):
Event: 4.046 loading class java/util/stream/ReferencePipeline$2
Event: 4.046 loading class java/util/stream/ReferencePipeline$2 done
Event: 4.048 loading class java/util/stream/ForEachOps
Event: 4.049 loading class java/util/stream/ForEachOps done
Event: 4.049 loading class java/util/stream/ForEachOps$ForEachOp$OfRef
Event: 4.049 loading class java/util/stream/ForEachOps$ForEachOp
Event: 4.049 loading class java/util/stream/ForEachOps$ForEachOp done
Event: 4.049 loading class java/util/stream/ForEachOps$ForEachOp$OfRef done
Event: 4.049 loading class java/util/stream/ReferencePipeline$2$1
Event: 4.050 loading class java/util/stream/ReferencePipeline$2$1 done
Event: 4.062 loading class java/util/function/ToIntFunction
Event: 4.062 loading class java/util/function/ToIntFunction done
Event: 4.074 loading class java/lang/NoSuchFieldError
Event: 4.074 loading class java/lang/NoSuchFieldError done
Event: 4.075 loading class java/util/Collections$SynchronizedMap
Event: 4.077 loading class java/util/Collections$SynchronizedMap done
Event: 4.101 loading class java/util/concurrent/ConcurrentHashMap$KeySetView
Event: 4.101 loading class java/util/concurrent/ConcurrentHashMap$KeySetView done
Event: 4.118 loading class java/util/function/BiPredicate
Event: 4.118 loading class java/util/function/BiPredicate done


Dynamic libraries:
0x00007ff643670000 - 0x00007ff64367e000 	C:\Users\offic\.p2\pool\plugins\org.eclipse.justj.openjdk.hotspot.jre.full.win32.x86_64_17.0.4.v20220805-1047\jre\bin\javaw.exe
0x00007ffff1310000 - 0x00007ffff1527000 	C:\WINDOWS\SYSTEM32\ntdll.dll
0x00007ffff0210000 - 0x00007ffff02d4000 	C:\WINDOWS\System32\KERNEL32.DLL
0x00007fffeeb80000 - 0x00007fffeef2c000 	C:\WINDOWS\System32\KERNELBASE.dll
0x00007fffee7a0000 - 0x00007fffee8b1000 	C:\WINDOWS\System32\ucrtbase.dll
0x00007fffeacb0000 - 0x00007fffeacc8000 	C:\Users\offic\.p2\pool\plugins\org.eclipse.justj.openjdk.hotspot.jre.full.win32.x86_64_17.0.4.v20220805-1047\jre\bin\jli.dll
0x00007fffeadb0000 - 0x00007fffeadc9000 	C:\Users\offic\.p2\pool\plugins\org.eclipse.justj.openjdk.hotspot.jre.full.win32.x86_64_17.0.4.v20220805-1047\jre\bin\VCRUNTIME140.dll
0x00007ffff0060000 - 0x00007ffff020e000 	C:\WINDOWS\System32\USER32.dll
0x00007fffcfef0000 - 0x00007fffd0183000 	C:\WINDOWS\WinSxS\amd64_microsoft.windows.common-controls_6595b64144ccf1df_6.0.22621.3672_none_2713b9d173822955\COMCTL32.dll
0x00007fffee6b0000 - 0x00007fffee6d6000 	C:\WINDOWS\System32\win32u.dll
0x00007ffff0ff0000 - 0x00007ffff1097000 	C:\WINDOWS\System32\msvcrt.dll
0x00007ffff03f0000 - 0x00007ffff0419000 	C:\WINDOWS\System32\GDI32.dll
0x00007fffee8c0000 - 0x00007fffee9d9000 	C:\WINDOWS\System32\gdi32full.dll
0x00007fffeef30000 - 0x00007fffeefca000 	C:\WINDOWS\System32\msvcp_win.dll
0x00007ffff0d20000 - 0x00007ffff0d51000 	C:\WINDOWS\System32\IMM32.DLL
0x00007fffeada0000 - 0x00007fffeadac000 	C:\Users\offic\.p2\pool\plugins\org.eclipse.justj.openjdk.hotspot.jre.full.win32.x86_64_17.0.4.v20220805-1047\jre\bin\vcruntime140_1.dll
0x00007fffc1220000 - 0x00007fffc12b1000 	C:\Users\offic\.p2\pool\plugins\org.eclipse.justj.openjdk.hotspot.jre.full.win32.x86_64_17.0.4.v20220805-1047\jre\bin\msvcp140.dll
0x00007fff7a6b0000 - 0x00007fff7b2f6000 	C:\Users\offic\.p2\pool\plugins\org.eclipse.justj.openjdk.hotspot.jre.full.win32.x86_64_17.0.4.v20220805-1047\jre\bin\server\jvm.dll
0x00007ffff09a0000 - 0x00007ffff0a52000 	C:\WINDOWS\System32\ADVAPI32.dll
0x00007ffff0d60000 - 0x00007ffff0e08000 	C:\WINDOWS\System32\sechost.dll
0x00007fffeeb50000 - 0x00007fffeeb78000 	C:\WINDOWS\System32\bcrypt.dll
0x00007ffff10a0000 - 0x00007ffff11b5000 	C:\WINDOWS\System32\RPCRT4.dll
0x00007fffef570000 - 0x00007fffef578000 	C:\WINDOWS\System32\PSAPI.DLL
0x00007fffe65f0000 - 0x00007fffe65fa000 	C:\WINDOWS\SYSTEM32\VERSION.dll
0x00007fffe6ae0000 - 0x00007fffe6b14000 	C:\WINDOWS\SYSTEM32\WINMM.dll
0x00007fffcad70000 - 0x00007fffcad79000 	C:\WINDOWS\SYSTEM32\WSOCK32.dll
0x00007ffff0e60000 - 0x00007ffff0ed1000 	C:\WINDOWS\System32\WS2_32.dll
0x00007fffed670000 - 0x00007fffed688000 	C:\WINDOWS\SYSTEM32\kernel.appcore.dll
0x00007fffeaca0000 - 0x00007fffeacaa000 	C:\Users\offic\.p2\pool\plugins\org.eclipse.justj.openjdk.hotspot.jre.full.win32.x86_64_17.0.4.v20220805-1047\jre\bin\jimage.dll
0x00007fffec1f0000 - 0x00007fffec422000 	C:\WINDOWS\SYSTEM32\DBGHELP.DLL
0x00007fffef1c0000 - 0x00007fffef548000 	C:\WINDOWS\System32\combase.dll
0x00007ffff0a80000 - 0x00007ffff0b57000 	C:\WINDOWS\System32\OLEAUT32.dll
0x00007fffdaf80000 - 0x00007fffdafb2000 	C:\WINDOWS\SYSTEM32\dbgcore.DLL
0x00007fffeefd0000 - 0x00007fffef04b000 	C:\WINDOWS\System32\bcryptPrimitives.dll
0x00007fffe95d0000 - 0x00007fffe95f5000 	C:\Users\offic\.p2\pool\plugins\org.eclipse.justj.openjdk.hotspot.jre.full.win32.x86_64_17.0.4.v20220805-1047\jre\bin\java.dll
0x00007fffeac80000 - 0x00007fffeac98000 	C:\Users\offic\.p2\pool\plugins\org.eclipse.justj.openjdk.hotspot.jre.full.win32.x86_64_17.0.4.v20220805-1047\jre\bin\zip.dll
0x00007fffef580000 - 0x00007fffefddc000 	C:\WINDOWS\System32\SHELL32.dll
0x00007fffec590000 - 0x00007fffece87000 	C:\WINDOWS\SYSTEM32\windows.storage.dll
0x00007fffec450000 - 0x00007fffec58f000 	C:\WINDOWS\SYSTEM32\wintypes.dll
0x00007ffff0ef0000 - 0x00007ffff0fe4000 	C:\WINDOWS\System32\SHCORE.dll
0x00007fffefde0000 - 0x00007fffefe3e000 	C:\WINDOWS\System32\shlwapi.dll
0x00007fffee570000 - 0x00007fffee591000 	C:\WINDOWS\SYSTEM32\profapi.dll
0x00007fffd4c50000 - 0x00007fffd4c69000 	C:\Users\offic\.p2\pool\plugins\org.eclipse.justj.openjdk.hotspot.jre.full.win32.x86_64_17.0.4.v20220805-1047\jre\bin\net.dll
0x00007fffe76f0000 - 0x00007fffe7826000 	C:\WINDOWS\SYSTEM32\WINHTTP.dll
0x00007fffedae0000 - 0x00007fffedb49000 	C:\WINDOWS\system32\mswsock.dll
0x00007fffcf700000 - 0x00007fffcf715000 	C:\Users\offic\.p2\pool\plugins\org.eclipse.justj.openjdk.hotspot.jre.full.win32.x86_64_17.0.4.v20220805-1047\jre\bin\nio.dll
0x00007fffed160000 - 0x00007fffed258000 	C:\WINDOWS\SYSTEM32\DNSAPI.dll
0x00007fffed130000 - 0x00007fffed15d000 	C:\WINDOWS\SYSTEM32\IPHLPAPI.DLL
0x00007ffff0d10000 - 0x00007ffff0d19000 	C:\WINDOWS\System32\NSI.dll
0x00007fffddc20000 - 0x00007fffddc2a000 	C:\Windows\System32\rasadhlp.dll
0x00007fffe5ae0000 - 0x00007fffe5b63000 	C:\WINDOWS\System32\fwpuclnt.dll
0x00007fffedd40000 - 0x00007fffedd5b000 	C:\WINDOWS\SYSTEM32\CRYPTSP.dll
0x00007fffed5d0000 - 0x00007fffed605000 	C:\WINDOWS\system32\rsaenh.dll
0x00007fffedbe0000 - 0x00007fffedc08000 	C:\WINDOWS\SYSTEM32\USERENV.dll
0x00007fffedd60000 - 0x00007fffedd6c000 	C:\WINDOWS\SYSTEM32\CRYPTBASE.dll
0x00007fffe7460000 - 0x00007fffe7479000 	C:\WINDOWS\SYSTEM32\dhcpcsvc6.DLL
0x00007fffe7440000 - 0x00007fffe745f000 	C:\WINDOWS\SYSTEM32\dhcpcsvc.DLL

dbghelp: loaded successfully - version: 4.0.5 - missing functions: none
symbol engine: initialized successfully - sym options: 0x614 - pdb path: .;C:\Users\offic\.p2\pool\plugins\org.eclipse.justj.openjdk.hotspot.jre.full.win32.x86_64_17.0.4.v20220805-1047\jre\bin;C:\WINDOWS\SYSTEM32;C:\WINDOWS\WinSxS\amd64_microsoft.windows.common-controls_6595b64144ccf1df_6.0.22621.3672_none_2713b9d173822955;C:\Users\offic\.p2\pool\plugins\org.eclipse.justj.openjdk.hotspot.jre.full.win32.x86_64_17.0.4.v20220805-1047\jre\bin\server

VM Arguments:
jvm_args: -ea -Dfile.encoding=UTF-8 -Dstdout.encoding=UTF-8 -Dstderr.encoding=UTF-8 -XX:+ShowCodeDetailsInExceptionMessages 
java_command: org.testng.remote.RemoteTestNG -serport 65203 -protocol json -d C:\Users\offic\eclipse-workspace\HDFC_Banking_Application\test-output C:\Users\offic\AppData\Local\Temp\testng-eclipse--824622621\testng-customsuite.xml
java_class_path (initial): C:\Users\offic\eclipse\java-2022-06\eclipse\configuration\org.eclipse.osgi\1065\0\.cp\lib\testng-remote.jar;C:\Users\offic\eclipse-workspace\HDFC_Banking_Application\target\test-classes;C:\Users\offic\eclipse-workspace\HDFC_Banking_Application\target\classes;C:\Users\offic\.m2\repository\junit\junit\4.11\junit-4.11.jar;C:\Users\offic\.m2\repository\org\hamcrest\hamcrest-core\1.3\hamcrest-core-1.3.jar;C:\Users\offic\.m2\repository\org\seleniumhq\selenium\selenium-java\4.11.0\selenium-java-4.11.0.jar;C:\Users\offic\.m2\repository\org\seleniumhq\selenium\selenium-devtools-v113\4.11.0\selenium-devtools-v113-4.11.0.jar;C:\Users\offic\.m2\repository\org\seleniumhq\selenium\selenium-devtools-v114\4.11.0\selenium-devtools-v114-4.11.0.jar;C:\Users\offic\.m2\repository\org\seleniumhq\selenium\selenium-devtools-v115\4.11.0\selenium-devtools-v115-4.11.0.jar;C:\Users\offic\.m2\repository\org\seleniumhq\selenium\selenium-devtools-v85\4.11.0\selenium-devtools-v85-4.11.0.jar;C:\Users\offic\.m2\repository\org\seleniumhq\selenium\selenium-ie-driver\4.11.0\selenium-ie-driver-4.11.0.jar;C:\Users\offic\.m2\repository\org\seleniumhq\selenium\selenium-manager\4.11.0\selenium-manager-4.11.0.jar;C:\Users\offic\.m2\repository\org\seleniumhq\selenium\selenium-safari-driver\4.11.0\selenium-safari-driver-4.11.0.jar;C:\Users\offic\.m2\repository\org\seleniumhq\selenium\selenium-chrome-driver\4.8.0\selenium-chrome-driver-4.8.0.jar;C:\Users\offic\.m2\repository\com\google\auto\service\auto-service-annotations\1.0.1\auto-service-annotations-1.0.1.jar;C:\Users\offic\.m2\repository\com\google\auto\service\auto-service\1.0.1\auto-service-1.0.1.jar;C:\Users\offic\.m2\repository\com\google\auto\auto-common\1.2\auto-common-1.2.jar;C:\Users\offic\.m2\repository\com\google\guava\guava\31.1-jre\guava-31.1-jre.jar;C:\Users\offic\.m2\repository\com\google\guava\failureaccess\1.0.1\failureaccess-1.0.1.jar;C:\Users\offic\.m2\repository\com\google\guava\listenablefuture\9999.0-empty-
Launcher Type: SUN_STANDARD

[Global flags]
     intx CICompilerCount                          = 4                                         {product} {ergonomic}
     uint ConcGCThreads                            = 3                                         {product} {ergonomic}
     uint G1ConcRefinementThreads                  = 10                                        {product} {ergonomic}
   size_t G1HeapRegionSize                         = 1048576                                   {product} {ergonomic}
    uintx GCDrainStackTargetSize                   = 64                                        {product} {ergonomic}
   size_t InitialHeapSize                          = 98566144                                  {product} {ergonomic}
   size_t MarkStackSize                            = 4194304                                   {product} {ergonomic}
   size_t MaxHeapSize                              = 1574961152                                {product} {ergonomic}
   size_t MaxNewSize                               = 944766976                                 {product} {ergonomic}
   size_t MinHeapDeltaBytes                        = 1048576                                   {product} {ergonomic}
   size_t MinHeapSize                              = 8388608                                   {product} {ergonomic}
    uintx NonNMethodCodeHeapSize                   = 5839372                                {pd product} {ergonomic}
    uintx NonProfiledCodeHeapSize                  = 122909434                              {pd product} {ergonomic}
    uintx ProfiledCodeHeapSize                     = 122909434                              {pd product} {ergonomic}
    uintx ReservedCodeCacheSize                    = 251658240                              {pd product} {ergonomic}
     bool SegmentedCodeCache                       = true                                      {product} {ergonomic}
     bool ShowCodeDetailsInExceptionMessages       = true                                   {manageable} {command line}
   size_t SoftMaxHeapSize                          = 1574961152                             {manageable} {ergonomic}
     bool UseCompressedClassPointers               = true                           {product lp64_product} {ergonomic}
     bool UseCompressedOops                        = true                           {product lp64_product} {ergonomic}
     bool UseG1GC                                  = true                                      {product} {ergonomic}
     bool UseLargePagesIndividualAllocation        = false                                  {pd product} {ergonomic}

Logging:
Log output configuration:
 #0: stdout all=warning uptime,level,tags
 #1: stderr all=off uptime,level,tags

Environment Variables:
JAVA_HOME=C:\Program Files\Java\jdk-11.0.17
PATH=C:/Users/offic/.p2/pool/plugins/org.eclipse.justj.openjdk.hotspot.jre.full.win32.x86_64_22.0.1.v20240426-1149/jre/bin/server;C:/Users/offic/.p2/pool/plugins/org.eclipse.justj.openjdk.hotspot.jre.full.win32.x86_64_22.0.1.v20240426-1149/jre/bin;C:\WINDOWS\system32;C:\WINDOWS;C:\WINDOWS\System32\Wbem;C:\WINDOWS\System32\WindowsPowerShell\v1.0\;C:\WINDOWS\System32\OpenSSH\;C:\Program Files\Java\jdk-11.0.17\bin;C:\Program Files\Git\cmd;C:\apache-maven-3.8.6-bin\apache-maven-3.8.6\bin;C:\Program Files\nodejs\;C:\Users\offic\AppData\Local\Microsoft\WindowsApps;;C:\Users\offic\AppData\Roaming\npm;C:\Users\offic\AppData\Local\Programs\Microsoft VS Code\bin;C:\WINDOWS\system32;
USERNAME=offic
OS=Windows_NT
PROCESSOR_IDENTIFIER=AMD64 Family 23 Model 104 Stepping 1, AuthenticAMD
TMP=C:\Users\offic\AppData\Local\Temp
TEMP=C:\Users\offic\AppData\Local\Temp



---------------  S Y S T E M  ---------------

OS:
 Windows 11 , 64 bit Build 22621 (10.0.22621.3672)
OS uptime: 2 days 20:13 hours

CPU: total 12 (initial active 12) (12 cores per cpu, 2 threads per core) family 23 model 104 stepping 1 microcode 0x0, cx8, cmov, fxsr, ht, mmx, 3dnowpref, sse, sse2, sse3, ssse3, sse4a, sse4.1, sse4.2, popcnt, lzcnt, tsc, tscinvbit, avx, avx2, aes, clmul, bmi1, bmi2, adx, sha, fma, vzeroupper, clflush, clflushopt

Memory: 4k page, system-wide physical 6005M (164M free)
TotalPageFile size 24437M (AvailPageFile size 6M)
current process WorkingSet (physical memory assigned to process): 94M, peak: 94M
current process commit charge ("private bytes"): 198M, peak: 198M

vm_info: OpenJDK 64-Bit Server VM (17.0.4+8) for windows-amd64 JRE (17.0.4+8), built on Jul 19 2022 16:05:16 by "temurin" with MS VC++ 16.7 (VS2019)

END.
